Temoridae                    45    0    0    0    2    5    0   16    6    2    0   11    0    0    0    0    0    0    0    0    0    0    0    0   13    0    0
multiple__other               2    8    5    0   12    3    6    2   15    0    0    7    3    3    0    0    0    1    7    4    1    1    5    6    1    8    0
Haloptilus                    0    0   48    0    0    0    9    0    1    0    0   10    6    0    0    0    0   10    8    0    0    0    0    8    0    0    0
Limacinidae                   0    0    0   27    0    1    0    2    0    6   31    0    0    0   10    1    7    0    0    0    0    0    0    0    1    0   14
zoea__Decapoda                3    1    0    0   65    7    0    1    6    0    0    4    0    2    0    0    0    0    5    0    0    0    0    0    1    1    4
Oncaeidae                     2    0    0    0    0   68    0    2    0    1    0    0    1    0    0    0    0    0    0    0    0    0    0    0   25    0    1
nectophore__Diphyidae         0    1    1    0    0    0   59    0    0    0    0    0    0    0    0    0    0   16    1    0    1    0    0   19    0    2    0
nauplii__Crustacea            5    0    0    1    0    1    0   36    0    3    0    0    2    0    6    0   19    1    0    0    2    0    2    0   20    1    1
multiple__Copepoda            5    2    1    0   18    2    1    1   15    0    0   18    1    0    0    0    0    0   25    1    1    0    3    0    4    1    1
Evadne                        0    0    0    0    0    0    0   13    0   33    1    0    2    0    1    1   43    0    0    0    0    1    0    0    2    0    3
Foraminifera                  0    0    0    9    0    0    0    2    0    6   51    0    0    0   10    0   12    0    0    0    0    5    0    0    0    0    5
Euchaetidae                  11    0    0    0    0    0    0    0    3    0    0   65    1    0    0    0    0    0   20    0    0    0    0    0    0    0    0
Penilia                       4    0    2    0    0    0    0    2    0    1    0    0   74    0    1    9    3    1    0    0    0    1    2    0    0    0    0
Oikopleuridae                 0    2    0    0    2    0    0    0    0    0    0    0    0   47    0    1    0    0    0   10   30    0    0    0    1    7    0
egg__other                    0    0    0    2    0    0    0    0    0    1    4    0    0    0   75    9    6    1    0    0    0    1    0    0    1    0    0
Noctiluca                     0    0    0    0    0    0    0    0    0    3    0    0    4    0    7   84    2    0    0    0    0    0    0    0    0    0    0
nauplii__Cirripedia           3    0    0    0    0    0    0    7    0   14    2    0    1    0    1    0   71    0    0    0    0    0    0    0    0    0    1
gonophore__Diphyidae          2    0    7    0    0    0   19    0    0    0    0    0    2    0    0    8    0   56    0    0    1    1    3    0    0    1    0
Eucalanidae                   4    0    1    0    0    1    0    0    6    0    0   21    0    0    0    0    0    0   63    0    0    0    0    3    0    1    0
tail__Chaetognatha            0    0    0    0    3    0    0    1    0    1    0    0    0   16    0    0    0    1    0   21   42    1    0    1    1   12    0
tail__Appendicularia          0    1    0    0    1    0    0    2    0    1    0    0    0    4    1    0    1    0    0    7   76    0    1    0    1    4    0
Phaeodaria                    0    0    1    0    0    0    0    3    0    6    7    0    3    0    1    1    5    1    1    0    0   71    0    0    0    0    0
eudoxie__Diphyidae           12    2    2    0    1    1    6    7    4    1    0    4    6    1    1    2    0    8    1    0    1    1   23    2    9    5    0
Salpida                       1    3    7    0    0    0   34    0    2    0    0    4    0    1    1    1    0    7    7    0    0    0    1   26    0    5    0
Harpacticoida                 4    1    0    0    1   40    0    5    2    0    0    0    0    1    0    0    0    0    2    0    0    0    0    0   44    0    0
Fritillariidae                0    6    1    0    3    0    2    0    0    0    0    0    1   16    1    1    0    2    1    6   22    0    6    2    1   29    0
Ostracoda                     2    0    0    8    0   12    0    8    1    5   13    1    0    0    9    0    4    0    0    0    0    0    0    0    7    1   29
