Oncaeidae                    75    0    0    0    0    0    1    0    0    0    0    0    0    0    0   22    0    0    0    0    0    0    0    1    1    0    0
Salpida                       0   82    1    1    0    1    0    4    1    4    0    0    0    1    0    1    0    0    2    0    0    0    0    0    0    2    0
multiple__Copepoda            1    3   70    0    0    7    1    0    1    0    3    1    0    6    0    1    3    0    2    0    0    1    0    0    0    0    0
Ostracoda                     0    1    1   81    0    0    0    0    0    0    2    3    0    0    2    0    0    0    0    0    0    0    0    0    9    0    1
egg__other                    0    0    0    2   78    0    3    0    0    0    0    0    0    0    7    0    0    0    0    2    0    0    0    0    8    0    0
Eucalanidae                   0    0    6    0    0   85    0    0    3    0    3    3    0    0    0    0    0    0    0    0    0    0    0    0    0    0    0
Noctiluca                     0    0    0    0    2    0   97    0    0    0    0    0    0    0    0    0    0    0    0    1    0    0    0    0    0    0    0
Fritillariidae                0    1    0    0    0    0    0   84    0    0    0    0    0    1    0    0    0    0    1    0    0   11    0    0    0    0    2
Haloptilus                    0    1    0    0    0    4    0    0   92    1    0    0    0    1    0    0    0    0    0    0    0    0    0    0    0    1    0
nectophore__Diphyidae         0    1    0    0    0    0    1    0    0   69    0    0    0    0    0    0    0    0    1    0    0    0    1    0    0   25    2
Euchaetidae                   0    0    2    0    0    3    0    0    0    0   79   16    0    0    0    0    0    0    0    0    0    0    0    0    0    0    0
Temoridae                     5    0    0    0    0    0    0    0    0    0    4   90    0    0    0    0    0    0    0    0    0    0    0    1    0    0    0
nauplii__Cirripedia           1    0    0    0    0    0    0    0    0    0    0    0   82    0    1    0    0    0    1    4    0    0    0    8    3    0    0
multiple__other               1   11   22    1    0    2    0    4    0    3    1    1    0   26    0    4    0    1    8    1    2    5    5    0    0    1    1
Foraminifera                  0    0    0    2    2    0    1    0    0    0    0    0    0    0   79    0    0    5    0    1    0    0    0    0   10    0    0
Harpacticoida                19    0    2    0    0    0    0    0    0    0    0    0    0    1    0   77    0    0    0    0    0    0    0    1    0    0    0
Penilia                       0    0    0    0    0    0    2    0    0    0    0    2    0    0    0    0   93    0    0    2    0    0    0    0    0    1    0
Phaeodaria                    0    0    0    0    1    0    1    0    0    0    0    0    0    1    5    0    0   89    0    1    0    0    0    0    0    2    0
eudoxie__Diphyidae            0    1    1    0    0    0    0    3    0    6    0    1    0    3    0    2    2    0   68    1    0    1    0    1    1    8    1
Evadne                        0    0    0    2    0    0    0    0    0    0    0    0    8    0    2    0    3    0    0   82    0    0    0    2    1    0    0
zoea__Decapoda                1    0    2    2    0    0    0    0    0    0    0    0    0    2    0    0    0    0    0    1   88    2    1    1    0    0    0
Oikopleuridae                 0    0    0    0    0    0    0    4    0    0    0    0    0    0    0    0    0    0    1    0    0   90    2    0    0    0    3
tail__Chaetognatha            1    0    0    0    0    0    0    0    0    0    0    0    0    0    1    0    0    0    4    0    1    3   62    1    0    0   27
nauplii__Crustacea            0    0    0    1    2    0    1    0    0    0    0    2    2    0    0    2    0    0    1    0    0    0    0   88    1    0    0
Limacinidae                   0    0    0    3    3    0    0    0    0    0    0    0    0    0   24    0    0    0    0    1    0    0    0    0   69    0    0
gonophore__Diphyidae          0    1    0    0    0    0    1    0    0   24    0    1    0    0    0    0    0    0    4    0    0    0    0    0    0   69    0
tail__Appendicularia          0    0    0    2    0    0    0    1    0    1    0    1    1    0    0    0    0    0    1    0    0    3   32    0    1    0   57
