Temoridae                    22    0    0    0    3    5    0   13    1    5    0    2    1    0    0    0    3    0    0    0    0    0    0    0   36    0    9
multiple__other               3    8    3    0    4    2    3    2    6    0    0    2    4    3    0    1    0    0   20   13    5    0    3    1   10    3    4
Haloptilus                    0    5    6    0    1    0   15    0    1    0    0    3   20    0    0    2    0    8   14    4    7    0   10    0    0    4    0
Limacinidae                   0    0    0   51    0    0    0    1    0    4   29    0    0    0    6    1    0    0    0    0    0    0    0    0    0    0    8
zoea__Decapoda                0    3    0    0   21    5    0    1   12    1    1    9    0    0    0    0    0    0   21    1    0    1    1    0   14    0    9
Oncaeidae                    13    0    0    0    2   30    0    1    0    0    0    0    2    0    1    0    0    0    0    0    0    0    0    0   44    0    7
nectophore__Diphyidae         0    0    1    0    0    0   64    2    0    0    0    0    5    1    0    0    0    5    0    4    6    0    0    9    0    3    0
nauplii__Crustacea           20    0    1    2    1    1    1   24    0    5    0    0   16    1    7    1    4    1    0    0    1    0    1    0    8    2    3
multiple__Copepoda            3    8    0    0    4    2    0    1   15    0    0   10    0    1    0    0    0    0   30    5    1    0    3    0   15    0    2
Evadne                        4    0    0    5    1    0    0   10    0   22   17    0    1    0    3    2   20    0    0    0    0   12    0    0    0    0    3
Foraminifera                  0    0    0   38    0    0    0    2    0    0   46    0    0    0    2    0    1    0    0    0    0   10    0    0    0    0    1
Euchaetidae                   2    0    0    0    0    1    0    0    1    0    0   44    3    0    0    0    0    0   21    0    0    0    0    0   28    0    0
Penilia                       2    0    0    0    0    0    0   10    0    0    0    0   71    0    0    6    1    0    0    0    0    0    3    0    5    2    0
Oikopleuridae                 1    1    6    0    0    0    1    0    0    0    0    0    0   19    0    0    0    0    0   32   28    0    1    0    0   11    0
egg__other                    0    0    2   15    0    0    2    1    0    0    3    0    3    0   58    5    5    3    0    1    0    1    0    0    1    0    0
Noctiluca                     0    0    2    0    0    0    3    1    0    0    0    0    9    0    3   53    7   21    0    0    0    1    0    0    0    0    0
nauplii__Cirripedia           1    0    1    5    0    0    0    9    0   13   18    0    4    0    4    1   34    0    0    0    0    9    0    0    0    0    1
gonophore__Diphyidae          0    1    4    0    0    0   31    5    0    0    0    1    7    0    0   17    1   21    0    3    4    0    1    1    3    0    0
Eucalanidae                   0    1    0    0    0    0    0    0    6    0    0   11    0    0    0    0    0    0   62    4    0    0    1    0   14    1    0
tail__Chaetognatha            1    3    0    0    0    1    3    0    2    0    1    0    1    5    0    0    1    0    2   54   26    0    0    0    0    0    0
tail__Appendicularia          1    1    0    0    0    0   12    0    1    2    0    0    0    7    0    0    0    0    2   22   50    2    0    0    0    0    0
Phaeodaria                    0    0    0    1    1    0    0    3    0    2    7    0    2    0    0    1    8    1    0    0    0   70    1    0    1    0    2
eudoxie__Diphyidae            7    3    2    0    1    0   10   13    3    1    0    0    8    2    0    2    1    1    1    5    2    0   19    0   17    1    1
Salpida                       0    4    6    0    2    0   15    1    1    0    0    1    1    2    1    2    0    5   20   10    4    0    4   20    0    1    0
Harpacticoida                 1    0    0    0    0   12    0    3    0    1    0    0    0    0    0    0    0    0    4    2    0    0    0    0   77    0    0
Fritillariidae                0    6    4    0    0    0    2    0    2    0    0    0    3   27    0    0    0    1    1   20   23    0    5    0    1    5    0
Ostracoda                     2    0    0   23    0    3    0    3    0   10   15    1    0    0    9    0    1    0    0    1    0    5    1    0    2    0   24
