Oncaeidae                    79    0    0    0    0    0    0    0    0    0    0    1    0    0    0   17    1    0    0    0    0    0    0    2    0    0    0
Salpida                       0   73    0    0    0    0    1    4    1    5    0    0    0    3    0    1    0    0    6    0    0    0    1    0    0    5    0
multiple__Copepoda            0    2   62    0    0    5    0    1    0    0    7    3    0    9    0    3    4    0    2    1    0    0    0    1    0    0    0
Ostracoda                     1    1    0   78    2    1    0    0    0    0    0    4    0    1    0    0    0    0    0    1    0    0    0    1   10    0    0
egg__other                    0    0    0    0   63    0   12    0    0    0    0    0    0    0    7    0    0    1    1    3    0    0    0    0   13    0    0
Eucalanidae                   0    1    8    0    0   74    0    0    5    0   10    1    0    0    0    0    1    0    0    0    0    0    0    0    0    0    0
Noctiluca                     0    0    0    0    2    0   95    0    0    0    0    0    0    0    0    0    0    0    0    3    0    0    0    0    0    0    0
Fritillariidae                0    2    0    0    0    0    1   76    0    0    0    0    0    1    0    0    1    0    7    0    0   12    0    0    0    0    0
Haloptilus                    0    1    1    0    0    3    1    0   90    0    0    0    0    1    0    0    2    0    0    0    0    0    0    0    0    1    0
nectophore__Diphyidae         0    3    0    0    0    0    1    0    0   83    0    0    0    0    0    0    0    0    0    0    0    0    0    0    0   10    3
Euchaetidae                   0    0    1    0    0    3    0    0    0    0   82   13    0    0    0    0    0    0    1    0    0    0    0    0    0    0    0
Temoridae                     3    0    1    0    0    0    0    0    0    0   11   81    0    0    0    2    0    0    2    0    0    0    0    0    0    0    0
nauplii__Cirripedia           1    0    0    1    0    0    0    0    0    0    0    3   74    0    1    1    0    0    0   10    0    0    0    6    3    0    0
multiple__other               1    5   24    0    0    2    0    5    0    3    1    1    0   26    0    2    3    0   10    1    4    4    3    0    0    4    1
Foraminifera                  0    0    0    0    2    0    1    0    0    0    0    0    0    0   57    0    0   12    1    6    0    0    0    0   21    0    0
Harpacticoida                32    0    0    0    0    0    0    0    0    0    0    1    0    0    0   64    0    0    1    0    0    0    0    1    0    1    0
Penilia                       0    0    0    0    0    0    2    0    0    0    0    0    0    0    0    0   96    0    0    1    0    0    0    1    0    0    0
Phaeodaria                    0    0    0    0    1    0    2    0    0    0    0    0    0    0    2    0    1   90    0    2    0    0    0    0    0    2    0
eudoxie__Diphyidae            0    1    0    0    0    0    0    1    0    9    0    0    0    2    0    2    1    0   71    0    0    0    2    2    0    9    0
Evadne                        0    0    0    4    0    0    0    0    0    0    0    0   15    0    3    2    3    0    1   65    0    0    0    1    6    0    0
zoea__Decapoda                0    0    0    2    0    0    0    0    0    0    0    1    0    4    0    1    0    0    1    1   88    1    1    0    0    0    0
Oikopleuridae                 0    0    0    0    0    0    0    8    0    0    0    0    0    1    0    0    0    0    2    0    0   83    1    0    0    0    5
tail__Chaetognatha            1    0    0    0    0    0    0    2    0    0    0    0    0    0    0    1    0    1    3    0    0    4   67    0    0    0   21
nauplii__Crustacea            3    0    0    1    2    0    0    0    0    0    0    3    3    2    0    7    1    0    2    0    0    0    0   73    2    1    0
Limacinidae                   0    0    0   10    4    0    0    0    0    0    0    0    0    0   24    0    0    0    0    2    0    0    0    1   59    0    0
gonophore__Diphyidae          0    0    0    0    0    0    1    1    0   35    0    1    0    0    0    0    1    0    2    0    0    0    1    0    0   58    0
tail__Appendicularia          1    0    0    2    0    0    0    2    0    0    0    0    0    0    0    0    0    0    0    1    0    7   32    0    1    0   54
