Temoridae                    11    0    0    0    2   15    0   19    0    4    0    3    0    0    0    0    3    0    0    0    0    0    2    0   40    0    1
multiple__other               6    1    3    0   11    5    1    0    1    0    0    3    4    5    1    0    0    2   15   13    4    0    4    9    9    1    2
Haloptilus                    4    1   31    0    2    0    0    0    2    0    0    1   19    0    0    5    0    7   11    4    2    0    2    7    1    1    0
Limacinidae                   1    0    0   32    0    0    0    0    0    6   44    0    1    0    6    0    1    0    0    0    0    1    0    0    0    0    8
zoea__Decapoda                8    5    0    0   49    5    0    2    2    0    0    2    0    0    0    0    0    0    8    8    0    0    0    0    5    0    6
Oncaeidae                     6    0    0    0    0   52    0    7    0    0    0    0    0    0    0    0    1    0    0    0    0    0    0    0   32    0    2
nectophore__Diphyidae         0    1    6    0    0    0   27    0    0    0    0    0    0    0    0    2    0   23    0   11    4    0    0   24    0    2    0
nauplii__Crustacea           11    0    2    1    0    4    0   31    0    8    0    0   11    0    3    0    5    1    0    0    1    0    2    0   18    0    2
multiple__Copepoda            6    3    0    0   13    8    0    0    1    0    0    8    1    1    0    0    1    0   27   10    0    0    1    1   19    0    0
Evadne                        1    0    0    9    0    0    0   15    0   31    1    0    2    0    3    1   17    0    0    0    0   13    0    0    1    0    6
Foraminifera                  0    0    0   11    0    0    0    2    0    3   72    0    1    0    2    0    2    0    0    0    0    5    0    0    0    0    2
Euchaetidae                   3    1    0    0    2    1    0    0    1    0    0   44    3    0    0    0    0    0   23    0    0    0    1    0   21    0    0
Penilia                       3    0    0    0    0    0    0    7    0    1    0    0   73    0    0    7    4    0    0    0    0    0    3    0    2    0    0
Oikopleuridae                 1    3    2    0    1    0    0    0    0    0    0    0    1   29    0    3    0    1    0   35   13    0    1    0    0   10    0
egg__other                    0    0    0    6    0    0    0    0    0    3   23    0    3    0   48   10    2    1    0    0    0    2    0    0    1    0    1
Noctiluca                     0    0    0    0    0    0    0    0    0    0    0    0   12    0    0   72    6   10    0    0    0    0    0    0    0    0    0
nauplii__Cirripedia           0    0    0    6    0    0    0   16    0   26    5    0    8    0    4    2   26    0    0    0    0    5    0    0    1    0    1
gonophore__Diphyidae          0    1    9    0    0    0    5    1    0    0    0    1    2    1    0    3    2   64    1    2    1    0    2    3    1    1    0
Eucalanidae                   1    0    0    0    9    1    0    0    2    0    0   12    0    0    0    0    0    0   52    5    0    0    0    8   10    0    0
tail__Chaetognatha            1    2    0    1    3    1    0    0    0    0    0    0    0    8    0    0    0    3    0   65   14    1    1    0    0    0    0
tail__Appendicularia          0    0    1    0    2    0    0    2    0    0    0    0    0   12    0    0    2    7    0   42   26    0    1    1    0    3    1
Phaeodaria                    2    0    0    6    0    0    0    4    0    2   11    0    2    0    2    3    9    0    1    0    0   58    0    0    0    0    0
eudoxie__Diphyidae           12    1    3    0   11    1    7    7    0    1    0    2   10    3    0    8    1    4    2    4    0    0    5    2   14    1    1
Salpida                       2    1    7    0    5    0   10    0    0    0    0    0    0    2    0    0    0   10    5   12    0    0    3   41    0    1    1
Harpacticoida                 6    1    0    0    0   37    0    6    0    0    0    0    0    2    0    0    1    0    2    1    0    0    0    0   44    0    0
Fritillariidae                1    2    2    0    3    0    0    0    0    0    0    0    2   11    0    3    0   10    0   43   11    0    3    0    0    9    0
Ostracoda                     1    1    0   25    1    5    0   12    0   11   14    1    0    0    6    0    1    0    0    0    0    1    0    0    1    0   20
