Oncaeidae                    72    0    0    0    0    0    0    0    0    0    0    1    0    0    0   24    1    0    0    0    0    0    0    1    1    0    0
Salpida                       0   83    0    0    0    0    0    2    3    5    0    0    0    4    0    0    0    0    3    0    0    0    0    0    0    0    0
multiple__Copepoda            1    2   73    0    0    7    0    1    0    0    6    0    0    7    0    1    1    0    0    0    1    0    0    0    0    0    0
Ostracoda                     0    1    0   80    1    0    0    0    0    0    0    1    0    1    1    0    0    0    0    0    0    0    1    0   13    0    1
egg__other                    0    0    0    1   80    0    0    0    0    0    0    0    0    0    8    0    0    1    1    0    0    0    0    1    8    0    0
Eucalanidae                   0    0    2    0    0   84    0    0    7    0    3    3    0    1    0    0    0    0    0    0    0    0    0    0    0    0    0
Noctiluca                     0    0    0    0    5    0   91    0    0    0    0    0    1    0    0    0    0    0    0    2    0    0    0    0    0    1    0
Fritillariidae                0    3    1    0    0    0    0   83    0    0    0    0    0    0    0    0    0    0    4    0    0    9    0    0    0    0    0
Haloptilus                    0    0    0    0    0    2    0    0   96    0    0    0    0    1    0    0    1    0    0    0    0    0    0    0    0    0    0
nectophore__Diphyidae         0    5    0    0    0    0    0    0    2   70    0    0    0    0    0    0    0    0    1    0    0    0    0    0    0   21    1
Euchaetidae                   0    0    1    0    0    4    0    0    0    0   84   11    0    0    0    0    0    0    0    0    0    0    0    0    0    0    0
Temoridae                     1    0    0    0    0    0    0    0    0    0    9   85    0    0    0    1    0    0    0    1    0    0    0    3    0    0    0
nauplii__Cirripedia           1    0    0    0    0    0    0    0    0    0    0    0   81    0    0    0    0    0    0    4    0    0    0   13    1    0    0
multiple__other               0    8   26    1    0    4    0    3    0    1    1    0    0   38    0    1    1    1    2    0    4    3    3    0    0    3    0
Foraminifera                  0    0    0    1    1    0    0    0    0    0    0    0    2    0   76    0    0    7    0    0    0    0    0    0   13    0    0
Harpacticoida                21    0    2    0    0    0    0    0    0    0    0    0    0    2    0   72    0    0    0    1    0    0    0    1    0    0    1
Penilia                       0    0    1    0    0    0    0    0    0    0    0    0    0    1    0    0   96    0    1    0    0    0    0    1    0    0    0
Phaeodaria                    0    1    0    0    1    0    0    0    0    0    0    0    0    1    8    0    0   87    0    1    0    0    0    0    0    1    0
eudoxie__Diphyidae            0    1    0    0    0    0    0    1    0    6    0    1    0   12    0    1    0    0   73    0    1    0    0    0    0    4    0
Evadne                        0    0    0    3    0    0    0    0    0    0    0    0   17    0    1    0    2    0    1   74    1    0    0    1    0    0    0
zoea__Decapoda                0    0    1    2    0    0    0    0    0    0    0    0    0    1    0    0    0    0    0    1   93    0    1    1    0    0    0
Oikopleuridae                 0    0    0    0    0    0    0    5    0    0    0    0    0    4    0    0    0    0    0    0    1   85    2    0    0    0    3
tail__Chaetognatha            0    0    0    0    0    0    0    1    0    0    0    0    0    1    1    0    0    0    4    0    2    3   61    1    0    0   26
nauplii__Crustacea            0    0    0    0    1    0    0    0    0    0    0    3    5    2    0    2    0    0    1    0    0    0    0   85    1    0    0
Limacinidae                   1    0    0    2    4    0    0    0    0    0    0    0    0    0   19    0    0    0    0    2    0    0    0    1   71    0    0
gonophore__Diphyidae          0    0    0    0    0    0    0    0    1   23    0    0    0    0    0    0    0    1    6    0    0    0    0    1    0   67    1
tail__Appendicularia          1    1    0    2    0    0    0    4    0    0    0    0    1    0    0    0    0    0    0    1    0    3   22    0    0    0   65
