Oncaeidae                    70    0    2    1    0    0    0    0    0    0    0    4    0    1    0   16    1    0    2    0    0    0    0    3    0    0    0
Salpida                       0   79    0    0    0    0    0    3    2    5    0    0    0    7    0    1    0    0    2    0    0    0    1    0    0    0    0
multiple__Copepoda            1    1   74    0    0    6    0    0    1    0    7    0    0    4    0    0    4    0    1    0    0    0    1    0    0    0    0
Ostracoda                     0    1    1   84    0    1    0    0    0    0    1    2    1    0    0    0    0    0    0    0    0    0    1    0    8    0    0
egg__other                    0    0    0    1   66    0    3    0    0    0    0    0    2    0    5    0    0    1    1    0    0    0    0    0   21    0    0
Eucalanidae                   0    1    3    0    0   87    0    0    5    0    4    0    0    0    0    0    0    0    0    0    0    0    0    0    0    0    0
Noctiluca                     0    0    0    0    0    0   97    0    0    0    0    0    0    0    0    0    0    2    0    1    0    0    0    0    0    0    0
Fritillariidae                0    2    0    0    0    0    0   75    0    0    0    0    0    3    0    0    0    0    3    0    0   12    3    0    0    0    2
Haloptilus                    0    1    0    0    0    3    0    0   96    0    0    0    0    0    0    0    0    0    0    0    0    0    0    0    0    0    0
nectophore__Diphyidae         0    5    0    0    0    0    0    0    0   74    0    0    0    1    0    0    0    0    1    0    0    0    0    0    0   19    0
Euchaetidae                   0    0    3    0    0    8    0    0    0    0   84    5    0    0    0    0    0    0    0    0    0    0    0    0    0    0    0
Temoridae                     1    0    0    1    0    1    0    0    0    0   15   75    1    0    0    0    0    0    0    1    0    0    0    5    0    0    0
nauplii__Cirripedia           0    0    0    0    0    0    0    0    0    0    0    1   78    0    1    0    0    0    0    7    0    0    0   11    2    0    0
multiple__other               0    9   24    1    0    5    0    5    0    1    1    1    0   33    0    0    2    1    7    0    3    1    3    1    0    2    0
Foraminifera                  0    0    0    5    2    0    0    0    0    0    0    0    1    0   59    0    0   13    0    2    0    0    0    0   18    0    0
Harpacticoida                24    0    4    0    0    0    0    0    0    0    0    3    0    1    0   63    0    0    1    1    0    0    0    2    0    0    1
Penilia                       0    0    0    0    0    0    1    0    1    0    0    0    0    0    0    0   96    0    1    1    0    0    0    0    0    0    0
Phaeodaria                    0    0    0    0    1    0    2    0    0    0    0    0    0    1    1    0    0   92    1    1    0    0    0    0    0    1    0
eudoxie__Diphyidae            0    1    2    1    0    0    0    1    0    6    0    0    0   11    0    1    0    0   69    1    0    1    0    1    0    5    0
Evadne                        0    0    0    2    0    0    0    0    0    0    0    0   18    0    3    0    2    1    0   73    0    0    0    1    0    0    0
zoea__Decapoda                0    0    2    3    0    0    0    0    0    0    0    0    1    3    0    0    0    0    0    1   87    1    1    1    0    0    0
Oikopleuridae                 0    0    0    0    0    0    0    5    0    0    0    0    0    3    0    0    0    0    1    0    0   88    2    0    0    0    1
tail__Chaetognatha            0    2    0    0    0    0    0    0    0    1    0    0    0    1    1    0    0    0    2    0    2    4   49    1    0    0   37
nauplii__Crustacea            1    0    0    1    0    0    0    0    0    0    0    2    7    0    0    2    0    0    0    0    0    0    0   85    1    1    0
Limacinidae                   0    0    0    4    4    0    0    0    0    0    0    0    2    1   14    0    0    0    0    4    0    0    0    0   71    0    0
gonophore__Diphyidae          0    0    0    0    0    0    3    1    0   21    0    1    0    0    0    0    0    0    8    0    0    0    0    0    0   66    0
tail__Appendicularia          0    0    0    3    0    0    0    3    0    0    0    0    1    2    0    0    0    0    0    0    0    3   18    0    1    1   68
