Temoridae                    14    0    0    0    0   43    1    6    0    1    0    7    5    0    0    0    1    0    0    0    0    3    4    0   14    0    1
multiple__other               2    0   10    0    1   12   15    0    4    0    0    5    2    9    0    0    0    0   25    0    2    2    2    5    2    2    0
Haloptilus                    1    0   20    0    0    0   19    1    0    0    0    1    1   20    0    0    0    0    7    0   17    0    3    2    0    8    0
Limacinidae                   0    0    0   18    0    1    0    3    0    2   54    0    0    0    4    0    0    0    0    0    1    2    0    0    0    0   15
zoea__Decapoda                5    0    3    1    5   29    0    1   12    0    1    9    0    0    0    0    0    0   27    0    0    4    1    0    2    0    0
Oncaeidae                     9    1    0    0    0   70    0    3    0    0    0    2    4    0    1    0    0    0    0    0    0    1    2    0    5    0    2
nectophore__Diphyidae         0    0    4    0    0    1   61    0    0    0    0    0    1   21    0    0    0    0    1    0    6    0    2    2    1    0    0
nauplii__Crustacea            3    0    0    0    0    4    0   35    0    5    0    0    2    2    5   15    1    1    0    0    9    2    3    0    9    1    3
multiple__Copepoda            2    0   10    0    1   16    8    2    4    0    0    8    2    1    0    0    0    0   38    0    2    0    4    1    1    0    0
Evadne                        4    0    0    4    0    9    1   17    0   19    0    0    0    0    1    1   11    0    0    0    0   12    1    0    5    0   15
Foraminifera                  0    0    0    5    0    0    0    0    0    3   79    1    0    0    1    0    0    0    0    0    0    5    1    0    2    0    3
Euchaetidae                   9    0    1    0    1   20    1    0    1    0    0   24    2    1    0    0    0    0   26    0    1    0   11    0    2    0    0
Penilia                       0    0    3    0    0    1    4   10    0    0    0    2   13    6    0   12    0    1    0    0   27    0    8    0    2   11    0
Oikopleuridae                 0    0    6    0    0    0   17    0    0    0    0    1    1   46    0    0    0    2    2    0   20    0    1    0    0    4    0
egg__other                    0    0    0    7    0    1    1   11    0    3   16    0    1    1   34    9    2    0    0    0    7    1    0    0    0    2    4
Noctiluca                     0    0    0    0    0    0    0    7    0    1    0    0    3    0    0   34    0    0    0    0   47    0    3    0    3    2    0
nauplii__Cirripedia           3    0    0   10    0    2    0   24    0   14    6    0    1    0    1    9   10    0    0    0    3    2    1    0    3    0   11
gonophore__Diphyidae          3    0    3    0    0    0   24    0    1    0    0    2    3   30    0    1    0    6    1    0   21    0    2    0    2    1    0
Eucalanidae                   1    1   17    0    0    5   13    0    2    0    0    5    1    0    0    0    0    1   45    0    0    0    2    7    0    0    0
tail__Chaetognatha            1    0   17    0    0    1   13    1    0    0    0    0    0   27    0    0    0    0    8    0   28    0    0    3    0    0    1
tail__Appendicularia          1    0    4    0    0    0    4    1    0    2    0    0    0   12    0    0    0    0    0    0   70    0    0    2    0    3    1
Phaeodaria                    3    0    0    7    0   21    0    1    0    4   10    2    2    0    0    1    1    0    1    0    0   28    2    0    6    0   11
eudoxie__Diphyidae            9    0   10    0    0    5   19    3    0    1    0    5    9    6    0    1    0    4    1    0    5    0   15    0    4    3    0
Salpida                       1    0    9    0    0    1   25    0    0    0    0    1    1   10    1    0    0    1   13    0    3    0    3   30    0    1    0
Harpacticoida                10    0    4    0    0   39    2    2    0    0    0    4    4    0    0    0    0    1    1    0    1    1   14    1   16    0    0
Fritillariidae                0    0   12    0    0    0   12    0    0    0    0    1    2   44    0    0    0    1    1    0   22    0    2    0    1    2    0
Ostracoda                     1    0    0   19    0   14    0    1    0   10   24    2    1    0    4    0    0    0    1    0    0    8    0    0    2    0   13
