Oncaeidae                    73    0    3    1    0    0    1    0    0    0    0    4    1    0    0   14    1    0    1    0    0    0    0    0    1    0    0
Salpida                       0   62    0    0    0    0    1    2    3   16    0    0    0    3    0    0    1    0    7    0    0    0    0    0    0    5    0
multiple__Copepoda            0    1   71    0    0    3    0    0    2    0    4    1    1    8    0    1    4    0    1    0    1    0    0    0    0    1    1
Ostracoda                     0    0    0   70    0    0    0    0    1    0    2    4    2    2    1    0    0    0    0    2    0    0    0    0   16    0    0
egg__other                    0    0    0    1   45    0   20    0    0    0    0    0    3    0    7    0    0    0    1    3    0    0    0    0   20    0    0
Eucalanidae                   0    0   12    0    0   65    0    0    8    0    5    1    0    5    0    0    2    0    2    0    0    0    0    0    0    0    0
Noctiluca                     0    0    0    0    0    0   98    0    0    0    0    0    0    0    0    0    1    0    0    0    0    0    0    0    0    1    0
Fritillariidae                0    5    0    0    0    0    2   59    0    1    0    0    0    0    0    0    1    0    5    0    0   14    0    0    0    6    7
Haloptilus                    0    2    0    0    0    4    0    0   79    3    0    0    0    1    0    0    3    1    1    0    0    0    0    0    0    6    0
nectophore__Diphyidae         0    1    0    0    0    0    0    1    0   86    0    0    0    0    0    0    0    0    2    0    0    0    0    0    0   10    0
Euchaetidae                   0    0    5    0    0    8    0    0    0    0   69    8    0    3    0    0    0    0    7    0    0    0    0    0    0    0    0
Temoridae                     0    0    6    0    0    1    0    0    0    0    6   70    3    0    0    0    1    0    6    1    0    0    0    6    0    0    0
nauplii__Cirripedia           0    0    0    0    0    0    4    0    0    0    0    0   57    0    4    0    0    0    2   19    0    0    0    8    6    0    0
multiple__other               0    7   23    1    0    1    0    4    2    5    0    0    0   28    0    3    0    2   13    1    3    2    1    0    0    3    1
Foraminifera                  0    0    0    0    2    0    1    0    0    0    0    0    0    0   66    0    0   12    0    1    0    0    0    0   18    0    0
Harpacticoida                39    0    2    0    0    0    0    0    0    0    0    2    1    0    0   49    2    0    2    1    1    0    0    1    0    0    0
Penilia                       0    0    0    0    0    0   12    0    0    0    0    0    0    0    0    0   87    0    1    0    0    0    0    0    0    0    0
Phaeodaria                    0    0    0    0    1    0    8    0    0    0    0    0    0    0    1    0    0   88    0    2    0    0    0    0    0    0    0
eudoxie__Diphyidae            0    1    2    1    0    0    3    2    0    7    0    1    0    5    0    1    2    0   63    2    0    1    0    0    0    9    0
Evadne                        0    0    0    1    0    0    5    0    0    0    0    0   18    0    4    0    1    2    0   64    0    0    0    1    3    1    0
zoea__Decapoda                0    0    1    2    0    1    0    0    0    0    0    1    2    3    0    0    0    0    0    0   89    1    0    0    0    0    0
Oikopleuridae                 0    0    1    0    0    0    1   13    0    0    0    0    0    3    0    0    0    0    2    0    0   71    1    0    0    0    8
tail__Chaetognatha            0    1    0    0    0    2    0    0    0    1    0    0    0    1    0    0    0    1    5    0    1    2   58    0    0    0   28
nauplii__Crustacea            1    0    1    1    1    0    1    0    0    0    0    5   13    0    0    1    5    0    5    0    0    0    0   65    0    1    0
Limacinidae                   0    0    0    6    4    0    1    0    0    0    0    0    4    0   26    0    0    0    0    3    0    0    0    1   55    0    0
gonophore__Diphyidae          0    0    0    0    0    0    4    0    0   38    0    1    0    0    0    0    0    1    6    0    0    0    0    0    0   50    0
tail__Appendicularia          1    2    0    2    0    1    0    0    0    4    0    0    0    0    0    0    0    0    0    1    0    1   32    0    1    0   55
