Temoridae                    15    0    4    0    0   22    0    0    0    3    0    5    6    0    0    0    2    1   20    0    0   11    7    2    1    0    1
multiple__other               2    0   14    0    1    4   10    0    1    0    0    5    8    5    0    0    0    3   10    0    0    9    1    3    2   16    6
Haloptilus                    1    0   20    0    0    1   22    0    0    0    0    1    5   10    0    0    0    0    3    0    0    0    0    6    0   31    0
Limacinidae                   0    0    0   37    0    1    0    1    0   10   27    0    0    0    8    0    0    0    0    0    0    1    0    0    0    1   14
zoea__Decapoda                3    0    6    0    1   10    1    0    0    0    0   17   11    0    0    0    1    4   15    0    0   10    9    0    0    1   11
Oncaeidae                    15    0    1    0    0   28    0    2    0    0    0    9    1    0    0    0    1    1   11    0    0   23    2    1    3    0    2
nectophore__Diphyidae         1    0   15    0    0    0   28    0    0    0    0    0    3   17    0    0    0    2    1    0    0    0    1    2    0   30    0
nauplii__Crustacea            9    0    6    2    0    2    4    5    2   18    0    0    6    5    5    0    5    0   12    0    0    1    7    1    0    6    4
multiple__Copepoda            1    0   19    0    0    5    8    0    1    1    0   11    7    2    0    1    0    2   10    0    0   14    3    9    1    1    4
Evadne                        5    0    0   11    0    3    1    5    0   27    0    1    0    0    2    0    8    1    2    0    0    5    4    0    3    0   22
Foraminifera                  1    0    0   32    0    3    0    0    0    4   38    0    1    0    3    0    0    1    1    0    0    2    0    1    0    0   13
Euchaetidae                   3    0    2    0    0   16    3    0    0    0    0   22    9    0    0    0    0    2   23    0    0   13    1    5    1    0    0
Penilia                       2    0   21    0    0    0   20    2    0    1    0    0   14    2    0    0    2    1    6    0    0    0    3    0    0   26    0
Oikopleuridae                 0    0    0    0    0    0    5    0    0    0    0    0    0   59    0    0    0    6    0    0    0    0    1    0    0   29    0
egg__other                    0    0    2   20    0    0    3    5    0    8    4    0    1    6   42    0    1    0    1    0    0    0    1    0    0    5    1
Noctiluca                     1    0    8    0    0    0   15    0    0    1    0    0    5   32    0    0    0    1    2    0    0    0    3    1    0   31    0
nauplii__Cirripedia           3    0    0   12    0    0    0    6    0   24    0    0   11    0    4    1    9    1    7    0    0    3    8    1    3    3    4
gonophore__Diphyidae          0    0    6    0    0    0   13    0    0    0    0    1    5   27    0    0    0    1    5    0    0    0    2    0    1   39    0
Eucalanidae                   2    0   23    0    0    8    2    0    0    0    0   11   16    0    0    0    0    8   17    0    0    2    1    9    0    1    0
tail__Chaetognatha            1    0    2    0    0    1   24    0    0    0    0    0    4   35    0    0    0    1    1    0    0    0    0    0    1   29    1
tail__Appendicularia          0    0    0    0    0    0    8    0    0    3    0    0    0   64    0    1    0    1    0    0    0    0    0    0    0   21    2
Phaeodaria                   10    0    2    3    0    8    1    1    2    5    3    3    4    0    0    0    1    0    6    0    0   22    1    1    3    0   24
eudoxie__Diphyidae            3    0    8    0    0    0   19    0    0    3    0    1    7    4    1    2    0   10   13    0    0    1    6    0    2   17    3
Salpida                       0    0   14    0    0    3   10    0    0    0    0    9    6    3    1    2    0    3    4    0    0    0    3   18    0   23    1
Harpacticoida                 9    0    3    0    0   14    3    1    3    4    0    1    5    2    0    0    1    1   21    0    0   23    2    3    2    0    2
Fritillariidae                0    0    3    0    0    0   13    0    0    0    0    0    3   45    0    0    0    2    0    0    0    0    0    0    0   34    0
Ostracoda                     0    0    0   23    0    2    0    1    0    9   11    0    0    0    7    0    1    0    1    0    0    3    1    0    0    0   41
