Oncaeidae                    71    0    0    1    0    0    0    0    0    0    0    4    0    0    0   21    0    0    0    0    1    0    0    0    2    0    0
Salpida                       0   68    0    1    0    0    0    2    2    6    0    0    0    3    0    0    0    0    6    0    0    0    0    0    0   11    1
multiple__Copepoda            2    2   67    0    0    4    1    1    0    0    7    2    0    6    0    2    2    0    0    0    2    2    0    0    0    0    0
Ostracoda                     0    3    0   83    1    0    0    0    0    0    0    2    0    0    0    0    0    0    0    2    0    0    0    0    9    0    0
egg__other                    0    0    0    7   69    0    5    0    0    0    0    0    0    0    5    0    0    1    1    2    0    0    0    0   10    0    0
Eucalanidae                   0    0   10    0    0   80    0    0    5    1    2    2    0    0    0    0    0    0    0    0    0    0    0    0    0    0    0
Noctiluca                     0    0    0    1    6    0   90    0    0    0    0    0    1    0    0    0    0    0    0    2    0    0    0    0    0    0    0
Fritillariidae                0    0    1    0    0    0    1   73    0    0    0    0    0    0    0    0    0    0    7    0    0   15    2    0    0    0    1
Haloptilus                    0    0    0    0    0    4    0    0   93    0    0    0    0    1    0    0    2    0    0    0    0    0    0    0    0    0    0
nectophore__Diphyidae         0    2    0    0    0    0    1    0    0   83    0    0    0    0    0    0    0    0    1    0    0    0    0    0    0   12    1
Euchaetidae                   0    0    7    0    0    3    0    0    0    0   78   12    0    0    0    0    0    0    0    0    0    0    0    0    0    0    0
Temoridae                     2    0    5    0    0    2    0    0    0    0    7   81    0    0    0    1    0    0    1    1    0    0    0    0    0    0    0
nauplii__Cirripedia           2    0    0    5    0    0    0    0    0    0    0    2   80    0    1    0    0    0    1    3    0    0    0    4    2    0    0
multiple__other               0    7   24    0    0    1    0    7    0    3    1    0    0   33    0    2    1    1    9    1    1    2    4    0    1    1    1
Foraminifera                  0    0    0    2    2    0    0    0    0    0    0    0    0    1   63    0    0    8    0    4    0    0    0    0   20    0    0
Harpacticoida                22    0    3    0    0    0    0    0    0    0    0    2    0    1    0   65    0    0    4    0    0    0    0    3    0    0    0
Penilia                       0    0    1    0    0    0    1    0    0    0    0    3    0    0    0    0   91    0    0    3    0    0    0    1    0    0    0
Phaeodaria                    0    1    0    0    1    0    1    0    0    0    0    0    0    1    3    0    1   89    0    1    0    0    0    1    0    1    0
eudoxie__Diphyidae            0    2    0    0    0    0    2    1    0    8    0    0    0    7    0    1    2    0   63    1    1    1    4    0    1    6    0
Evadne                        2    0    0    9    0    0    0    0    0    0    0    1   16    0    2    0    1    0    1   66    0    0    0    0    2    0    0
zoea__Decapoda                1    0    4    4    0    0    0    0    0    0    0    0    1    0    0    0    0    0    1    1   84    1    2    1    0    0    0
Oikopleuridae                 0    0    0    0    0    0    0    8    0    0    0    0    0    2    0    0    0    0    5    0    0   79    3    0    0    0    3
tail__Chaetognatha            0    0    0    0    0    0    0    2    0    0    0    1    0    0    1    0    0    0    4    0    0    4   44    0    0    0   44
nauplii__Crustacea            1    0    1    3    1    0    1    0    0    0    0    2    5    7    0    3    0    0    1    0    0    0    0   75    0    0    0
Limacinidae                   0    0    0    7    5    0    0    0    0    0    0    0    0    0   24    0    0    0    0    1    0    0    0    1   62    0    0
gonophore__Diphyidae          0    1    0    1    0    0    4    0    0   49    0    1    0    0    0    0    0    1    5    0    0    0    0    0    0   38    0
tail__Appendicularia          0    0    0    3    0    0    0    2    0    1    0    0    1    1    0    0    0    0    1    0    0    4   13    0    1    0   73
