Temoridae                    10    0    2    0   13   22    0    5    1    0    0   15    1    0    0    0    0    0    0    0    0    1   14    0   16    0    0
multiple__other               2    4    6    0    5    7    4    2    1    0    0   14    4    2    0    1    1    2   12    7    5    3    8    1    2    7    0
Haloptilus                    1    6   18    0    0    1    5    0    0    1    0    4    9    0    0    3    0    1    7   22   12    0    3    0    0    7    0
Limacinidae                   0    0    0   52    0    1    0    2    0    5   10    0    1    0   12    2    5    1    0    0    0    1    0    0    0    0    8
zoea__Decapoda                2    3    3    0    8   18    0    2    2    2    0   14    6    0    0    0    0    0    0    4    0    5   28    0    3    0    0
Oncaeidae                     5    0    0    0    0   54    0    1    0    2    0    4    3    0    0    0    0    0    0    0    0    3   10    0   18    0    0
nectophore__Diphyidae         1    1    6    0    0    0   61    0    1    0    0    0    1    2    0    1    0    7    1    3    0    0    2    6    0    7    0
nauplii__Crustacea            0    0    0    5    2   13    0   10    0    9    0    0    9    2    4    6   11    0    0    2    2    8    5    0   10    2    0
multiple__Copepoda            3    1    7    0    3    7    0    2    4    0    0   29    3    2    0    1    1    2    4    9    1    0   15    2    4    0    0
Evadne                        0    0    0    4    0    7    0    8    0   27    4    1    1    0    1    1   14    0    0    0    1   21    2    0    8    0    0
Foraminifera                  0    0    0   40    0    8    0    0    0    6   11    0    0    0    8    0    1    0    0    0    0   22    3    0    0    0    1
Euchaetidae                   5    3    1    0    8    5    0    0    4    0    0   62    1    0    0    0    0    0    4    0    0    0    7    0    0    0    0
Penilia                       0    0    1    0    0    1    0    4    0    4    0    0   21    4    1    8    6    0    0   17   13    0   11    0    5    4    0
Oikopleuridae                 0    0    2    0    1    0    0    0    0    0    0    0    6   34    0    0    0    2    0   24    6    0    2    0    0   23    0
egg__other                    0    0    0    4    0    0    2    0    0    1    2    0    4    2   69    4    0    0    0    0    4    4    0    0    2    1    1
Noctiluca                     0    0    0    1    0    0    0    6    0    1    1    0   16    6   13   23    2    0    0    2   24    1    1    0    0    3    0
nauplii__Cirripedia           1    0    0    7    0   10    0   17    0   19    4    0    8    0    3    3   15    0    0    0    1    2    0    0    9    0    1
gonophore__Diphyidae          0    2    6    0    0    3   18    0    1    0    0    0    4    2    0    2    0    5    0   13   11    0    7    0    2   24    0
Eucalanidae                   2    8    5    0    3    2    2    0    0    0    0   28    2    0    0    0    0    2   37    1    0    0    7    0    0    1    0
tail__Chaetognatha            0    1    5    0    0    1    4    1    0    1    0    0    3   25    0    1    0    7    2   22    9    1    3    0    0   14    0
tail__Appendicularia          0    0    1    0    0    1    0    3    0    1    0    0    3   31    0    1    0    0    1   22   14    0    0    0    0   22    0
Phaeodaria                    0    0    0    0    1   14    0    0    0    6    2    6    1    0    3    0    1    0    0    0    0   60    3    0    2    0    1
eudoxie__Diphyidae            3    1    1    0    4    6    7    4    1    3    0    1   18    2    0    1    0    3    1    8    3    0   22    0    7    4    0
Salpida                       1    4    9    2    1    0   15    0    0    0    0    6    3    0    0    0    0   14    5    8    2    1    1   22    0    6    0
Harpacticoida                 4    0    4    0    6   29    0    4    0    1    0    5    4    0    0    1    1    0    1    0    0    3   14    0   21    2    0
Fritillariidae                0    0    3    0    0    0    0    1    0    0    0    0    5   17    0    0    0    1    0   13    2    0   11    0    0   47    0
Ostracoda                     1    0    0   16    0   11    0    4    0    8    1    2    5    0   16    2    6    0    0    0    0   24    0    0    1    0    3
