Temoridae                    11    6    0    0   13    3    0    7    2    2    0    8    2    0    0    4    6    0    7   11    0    7    4    1    6    0    0
multiple__other               3    0   17    0   11    0    3    0    0    0    0    5    2    1    0    2    0    2   41    6    0    1    1    0    0    5    0
Haloptilus                    0    0   17    0    0    0    5    0    0    0    0    1    0    3    0    2    0    5   55    1    0    2    0    3    0    6    0
Limacinidae                   0    0    0   24    3    9    1    1    0    5   15    1    0    0   26    0    0    0    0    0    0    0    0    0    1    0   14
zoea__Decapoda                7    3    0    1   45    5    0    0    1    0    0   14    0    0    0    0    0    0   13    6    0    0    0    1    1    1    2
Oncaeidae                     5    0    0   12   16   26    1    6    0    6    4    0    0    0    4    3    0    0    1    1    0    0    0    0    5    0   10
nectophore__Diphyidae         0    0    8    0    0    0   21    0    0    0    0    0    1    0    0   14    0   18    2    1    0   17    1    4    0   13    0
nauplii__Crustacea            7    2    2    0    3    4    1    1    0   10    0    0    3    1    4   16   16    0    2    5    0   14    1    0    5    3    0
multiple__Copepoda            4    3    4    0    6    2    1    2    2    0    0    8    2    1    0    3    0    1   55    2    0    1    0    1    1    1    0
Evadne                        0    0    0    1    1    1    0    5    0   19    0    0    1    0   12   11   40    0    0    0    0    3    2    0    4    0    0
Foraminifera                  2    0    0   20    1    1    0    3    0    9   10    0    0    1   17    4    9    0    0    0    0    1    0    0    1    0   21
Euchaetidae                   2    7    3    0    7    2    1    1    3    0    0   21    0    1    0    0    0    0   42    7    0    0    1    1    0    1    0
Penilia                       0    0    9    0    0    0    9    0    0    0    0    0    5    4    0   28    3   11    2    3    0   13    3    0    1    9    0
Oikopleuridae                 0    0   10    0    0    0    9    1    0    0    0    1    1    3    0    8    0    7   28    9    0    9    0    2    0   12    0
egg__other                    0    0    0   14    0    0    0    1    0    8    5    0    0    0   32    8   16    5    0    0    0    0    0    0    1    1    9
Noctiluca                     0    0    0    0    0    0    1    0    0    0    0    0    0    0    0   84    7    2    0    0    0    6    0    0    0    0    0
nauplii__Cirripedia           0    0    1    1    0    2    0    1    0   18    0    2    1    0    6   21   41    0    0    0    0    4    0    0    2    0    0
gonophore__Diphyidae          0    1    6    0    0    0   11    0    0    0    0    0    2    3    0   26    0   15    2    0    0   21    1    2    1    9    0
Eucalanidae                   1    1   10    0    2    0    0    0    1    0    0    8    0    0    0    0    0    0   69    4    0    1    1    1    1    0    0
tail__Chaetognatha            1    3   12    0    5    1    7    0    0    1    0    5    1    4    0    6    0    5   28    6    0    6    1    2    1    5    0
tail__Appendicularia          0    2   15    0    0    1    4    0    0    0    2    0    1    2    1   12    1    7   25    5    0   12    0    2    0    8    0
Phaeodaria                    5    0    2    0    0    1    4    1    0    1    0    1    1    1    0   53   11    1    2    0    0   12    1    0    0    3    0
eudoxie__Diphyidae            6    4    9    1    1    0    9    4    0    1    0    2    2    2    0    8    2    4    6    7    0   12   10    2    1    7    0
Salpida                       0    1   14    0    4    0    4    0    0    0    0    0    2    1    0    4    0    3   47    2    0    3    3    1    0   11    0
Harpacticoida                 9    0    1    4    5   24    0    8    0    9    1    1    0    0    2    2    4    0    1    5    0    7    3    0   11    1    2
Fritillariidae                1    0   17    0    0    0   18    0    0    0    0    0    1    5    0    3    0    9   12    5    0    9    2    2    0   16    0
Ostracoda                     2    0    0   16    9    3    0    2    1    4    6    1    0    0   10    0    1    0    0    0    0    0    0    0    4    0   41
