Oncaeidae                    70    0    1    1    0    0    0    0    0    0    0    2    1    0    0   21    1    0    1    0    0    0    0    2    0    0    0
Salpida                       0   71    0    0    0    1    0    2    3    8    0    0    0    9    0    0    0    0    3    0    1    0    0    0    0    2    0
multiple__Copepoda            0    1   63    0    0   13    0    0    0    0    8    0    0    9    0    2    2    0    0    0    1    0    1    0    0    0    0
Ostracoda                     0    0    0   81    2    2    0    0    0    0    0    2    0    1    0    0    0    0    0    1    0    0    0    0   11    0    0
egg__other                    0    0    0    1   82    0    4    0    0    0    0    0    0    0    2    0    1    0    1    2    0    0    0    0    7    0    0
Eucalanidae                   0    0    2    0    0   88    0    0    4    0    4    2    0    0    0    0    0    0    0    0    0    0    0    0    0    0    0
Noctiluca                     0    0    0    0    2    0   97    0    0    0    0    0    0    0    0    0    0    1    0    0    0    0    0    0    0    0    0
Fritillariidae                0    1    0    0    0    0    1   80    0    0    0    0    0    2    0    0    0    0    3    0    0    8    1    0    0    0    4
Haloptilus                    0    0    0    0    0    6    0    0   93    0    0    0    0    0    0    0    1    0    0    0    0    0    0    0    0    0    0
nectophore__Diphyidae         0    1    0    0    0    0    1    0    1   79    0    0    0    0    0    0    0    0    0    0    0    0    0    0    0   18    0
Euchaetidae                   0    0    1    0    0    8    0    0    0    0   82    9    0    0    0    0    0    0    0    0    0    0    0    0    0    0    0
Temoridae                     6    0    1    0    0    1    0    0    0    0   10   81    0    0    0    0    0    0    0    1    0    0    0    0    0    0    0
nauplii__Cirripedia           0    0    0    0    0    0    0    0    0    0    0    0   81    0    0    0    0    0    1    6    0    0    0    9    3    0    0
multiple__other               0    5   29    1    0    6    0    2    0    1    2    1    0   31    0    2    1    0    5    1    2    3    5    1    0    2    0
Foraminifera                  0    0    0    2    4    0    0    0    0    0    0    0    2    0   61    0    0    7    0    1    0    0    0    0   23    0    0
Harpacticoida                25    0    3    0    0    0    0    0    0    0    0    3    0    1    0   67    0    0    0    1    0    0    0    0    0    0    0
Penilia                       0    0    0    0    0    0    3    0    0    0    0    1    0    2    0    1   85    0    2    3    0    0    0    2    0    1    0
Phaeodaria                    0    0    0    0    1    0    1    0    0    0    0    0    0    1    5    0    0   88    0    2    1    0    0    0    0    1    0
eudoxie__Diphyidae            0    1    0    0    1    0    0    2    0    7    0    1    0    5    0    1    1    0   71    0    0    3    0    2    0    5    0
Evadne                        0    0    0    1    2    0    0    0    0    0    0    0   13    0    1    1    2    0    1   77    0    0    0    2    0    0    0
zoea__Decapoda                0    0    3    0    0    0    0    1    0    0    0    0    2    1    0    0    0    0    0    0   91    0    0    2    0    0    0
Oikopleuridae                 0    0    0    0    0    0    0    9    0    1    0    0    0    1    0    0    0    0    1    0    0   84    3    0    0    0    1
tail__Chaetognatha            0    1    0    0    0    0    0    1    0    0    0    0    0    1    1    1    0    0    2    0    0    3   57    1    0    0   32
nauplii__Crustacea            0    0    0    0    3    0    0    0    0    0    0    1    5    0    0    3    1    0    2    0    0    0    0   83    1    1    0
Limacinidae                   0    0    0    4    5    0    0    0    0    0    0    0    2    0   11    0    0    0    0    1    0    0    0    1   76    0    0
gonophore__Diphyidae          0    0    0    0    0    0    1    1    0   20    0    1    0    0    0    0    0    1    4    0    0    0    0    0    0   72    0
tail__Appendicularia          0    0    0    1    0    0    0    0    0    0    0    0    1    1    0    0    0    0    0    1    0    3   22    1    1    0   69
