Temoridae                    24    1    0    0   26    9    0   11    1    5    0    7    0    0    0    0    1    0    0    0    0    1    1    0   12    0    1
multiple__other               7    1    6    0   16    3    7    1    4    0    0   10    1    3    0    0    0    0   16    0    1    0    5   12    5    0    2
Haloptilus                    1    4   14    0    2    0   14    0    5    0    0    0    1    4    0    1    0    7   10    0   17    0    0   20    0    0    0
Limacinidae                   0    0    0   19    0    0    0    1    0    3   39    0    0    0    7    2   13    0    0    0    0    4    0    0    0    0   12
zoea__Decapoda               16    2    0    0   51    3    0    1    2    0    0   22    0    0    0    0    0    0    1    0    0    0    0    0    0    0    2
Oncaeidae                    22    0    0    0    8   19    0   10    0    3    0    0    0    0    0    0    2    0    0    0    0    3    0    0   31    0    2
nectophore__Diphyidae         2    2    8    0    0    0   47    0    0    0    0    0    0    2    0    2    0    1    0    0   24    0    2    8    2    0    0
nauplii__Crustacea            1    0    1    0    0    2    1   29    0    6    0    0    1    1    2   11   16    2    0    0    2    0    2    0   23    0    0
multiple__Copepoda           12    2    0    0   13    4    0    4    4    0    0   27    0    0    0    0    1    0   19    0    2    0    2    4    6    0    0
Evadne                        0    0    0    1    0    6    0    6    0   38    0    0    1    0    2    2   35    0    0    0    0    4    1    0    1    0    3
Foraminifera                  0    0    0   13    0    1    0    1    0    6   58    0    0    0    2    0    6    0    0    0    0    7    0    0    1    0    5
Euchaetidae                   1    0    0    0   21    0    0    0    3    0    0   64    1    0    0    0    0    0    9    0    0    0    0    0    1    0    0
Penilia                       3    1    2    0    1    1    0   15    0    1    0    0   21    1    0   19    5    6    0    0    1    0    7    0   16    0    0
Oikopleuridae                 1    3   18    0    1    0   10    0    0    0    0    0    0   14    0    1    0   12    1    6   25    0    3    3    1    1    0
egg__other                    0    0    0    5    0    0    0    0    0    2   11    0    2    0   43   23    9    3    0    0    0    0    1    0    1    0    0
Noctiluca                     0    0    0    0    0    0    0    1    0    2    0    0    0    0    0   73   14    7    0    0    3    0    0    0    0    0    0
nauplii__Cirripedia           0    0    0    2    0    2    0    3    0   22    3    0    1    0    2    9   50    1    0    0    0    3    0    0    2    0    0
gonophore__Diphyidae          4    4    1    0    2    0    4    1    3    1    0    0    6    4    0    8    0   16    0    0   30    0    9    1    4    2    0
Eucalanidae                   3    2    1    0    7    0    0    0    3    0    0   19    0    0    0    0    0    0   46    0    1    0    0   17    1    0    0
tail__Chaetognatha            3    2    9    0    3    0   26    1    2    0    0    0    2    8    0    0    0    1    1    2   24    1    4   10    1    0    0
tail__Appendicularia          1    1    3    0    0    0   17    1    1    4    0    0    0    2    0    1    0    4    1    2   59    0    0    3    0    0    0
Phaeodaria                    0    0    0    1    1    2    0    1    0    8    7    1    1    0    0    2    3    0    0    0    0   63    0    0    4    0    6
eudoxie__Diphyidae            8    3    2    0    4    5    4    9    4    0    0    1   14    2    0    2    1    3    2    0    3    0   14    0   17    2    0
Salpida                       2    5    5    0    2    1   14    1    0    0    0    1    0    2    0    0    0    6   14    0    6    0    3   38    0    0    0
Harpacticoida                 8    0    0    0    2   22    0    9    0    2    0    0    0    2    0    0    1    0    2    0    0    0    1    2   49    0    0
Fritillariidae                2    5   15    0    0    0    8    2    3    0    0    0    1   13    0    0    0    5    1    2   29    0    6    5    2    1    0
Ostracoda                     4    1    0   10    1    8    0    2    0   12   16    2    0    0    8    0    5    0    0    0    0    8    0    0    4    0   19
