Temoridae                    22    1    0    1    3    7    0    7   12    3    1    4    2    0    3    6    5    0    0    0    0    7    3    0   10    1    2
multiple__other               2    0    2    0    0    5   12    3   13    1    1   11    1   11    1    3    0    2    4    1    1    3    2    8    2   10    1
Haloptilus                    1    0    6    0    1    0   17    0    5    0    0    8    2   16    0    0    0    8   11    0    3    0    1    4    0   17    0
Limacinidae                   2    0    0   29    0    0    0    2    0    6   42    0    0    1    6    0    4    0    0    0    0    1    0    0    0    0    7
zoea__Decapoda                4    1    1    1    7    3    1    2   16    2    2   14   10    4    0    9    0    2    2    0    0   11    0    0    5    0    3
Oncaeidae                     8    0    0    1    1    8    0   13   10   13    2    0    1    0    1    1    5    0    0    0    0    7    1    0   25    0    3
nectophore__Diphyidae         0    0    1    0    1    0   75    0    0    0    0    3    0    4    0    0    0    2    1    0    0    0    0    3    0   10    0
nauplii__Crustacea            1    0    0    1    0    2    0   42    4    2    0    0    5    8    2    5    5    0    0    0    0    0    0    0   22    0    1
multiple__Copepoda            0    1    5    0    4    6    6    2   20    0    0   13    4    1    0    4    0    1    8    1    0    0    2    6   11    5    0
Evadne                        2    0    0    5    0    7    0   12    0   21    2    0    0    1    4    0   14    0    0    0    0    3    1    0   14    0   14
Foraminifera                  2    0    0   17    0    0    0    0    0    2   65    0    0    0    3    0    0    0    0    0    0    6    0    0    0    0    5
Euchaetidae                   6    5    4    0    4    0    0    0   11    0    0   41    4    1    0    3    0    4    9    0    0    0    4    1    2    1    0
Penilia                       3    0    4    0    0    0    0   14   19    0    0    2   14   11    0   16    0    0    0    1    0    0    2    0    6    8    0
Oikopleuridae                 1    2    2    0    0    0    2    0    1    0    0    0    1   62    1    1    0    2    1    0    7    0    1    0    0   16    0
egg__other                    0    0    0   19    0    1    0   19    0    1    6    0    1    6   36    4    1    0    0    0    0    1    0    0    5    0    0
Noctiluca                     2    0    0    0    0    1    0   11    6    0    0    1   13   27    0   26    1    2    0    1    0    0    2    0    4    3    0
nauplii__Cirripedia           1    0    0    7    0    5    0   20    0   14    3    0    1    1    2    2   17    0    0    0    0    1    0    0   20    0    6
gonophore__Diphyidae          1    1    7    0    0    1   24    0    2    0    0    8    1   12    0    2    0    6    8    0    3    1    0    1    0   22    0
Eucalanidae                   1    1    3    0    1    0   26    0    9    2    0   14    1    4    0    2    0    0   14    1    0    1    0   15    3    2    0
tail__Chaetognatha            1    0    0    0    0    0   12    1    3    0    0    1    2   37    0    4    0    0    2    3    5    0    0    1    1   26    1
tail__Appendicularia          0    1    2    0    0    0    4    0    1    2    0    0    1   53    0    2    1    2    0    1    9    0    0    0    1   19    1
Phaeodaria                    5    0    1    0    4    1    0    1    2    2    7    0    0    0    0    0    0    0    0    0    0   71    0    0    2    0    4
eudoxie__Diphyidae            4    2    0    0    4    1    6    6   13    1    0    7    8    9    0   13    2    2    4    0    1    0    3    0    6    8    0
Salpida                       0    0    2    0    0    0   40    3    1    0    0    3    1    3    0    2    0    5    6    0    1    1    1   22    0    9    0
Harpacticoida                 1    0    0    0    1    6    0   25   17   10    0    1    1    2    1    2    5    0    1    0    0    0    0    1   24    1    1
Fritillariidae                0    0    2    0    0    0    9    0    2    0    0    3    1   31    0    1    0    5    3    0    6    0    1    1    0   35    0
Ostracoda                     3    0    0   20    1    3    0    3    1   11   27    0    0    0    8    0    4    0    0    0    0    5    0    0    6    0    8
