Oncaeidae                    68    0    1    0    0    0    0    0    0    0    0    1    1    0    0   25    1    0    0    0    1    0    0    1    1    0    0
Salpida                       0   81    0    0    0    0    0    5    2    1    0    0    0    4    0    2    0    0    3    0    1    0    0    0    0    1    0
multiple__Copepoda            1    1   73    0    0    6    0    1    0    0    5    1    0    9    0    0    1    0    0    0    2    0    0    0    0    0    0
Ostracoda                     0    1    0   81    3    0    0    0    0    0    0    2    0    2    0    0    0    0    0    0    0    0    1    0    9    1    0
egg__other                    0    0    0    3   77    0    6    0    0    0    0    0    0    0    5    0    0    1    1    3    0    0    0    0    4    0    0
Eucalanidae                   0    1    9    0    0   77    0    0    2    0    5    1    0    2    0    0    0    0    0    0    3    0    0    0    0    0    0
Noctiluca                     0    0    0    0    3    0   94    0    0    0    0    0    0    0    0    0    0    1    0    2    0    0    0    0    0    0    0
Fritillariidae                0    0    0    0    0    0    0   84    0    0    0    0    0    2    0    0    0    0    1    0    1   12    0    0    0    0    0
Haloptilus                    0    1    0    0    0    4    0    0   94    0    0    0    0    1    0    0    0    0    0    0    0    0    0    0    0    0    0
nectophore__Diphyidae         0    2    0    0    0    0    0    0    1   75    0    0    0    1    0    0    0    0    1    0    0    0    1    0    0   17    2
Euchaetidae                   0    0    2    0    0    9    0    0    0    0   88    1    0    0    0    0    0    0    0    0    0    0    0    0    0    0    0
Temoridae                     2    0    0    0    0    1    0    0    0    0   15   78    0    0    0    0    1    0    0    0    0    0    0    3    0    0    0
nauplii__Cirripedia           1    0    0    0    0    1    0    0    0    0    0    2   76    0    0    0    0    0    0    9    0    0    0    9    2    0    0
multiple__other               0    7   30    1    0    4    0   10    1    1    0    0    0   26    0    3    3    1    2    0    4    2    2    0    0    3    0
Foraminifera                  0    0    0    3    1    0    0    0    0    0    0    1    1    0   64    0    0    8    1    3    0    0    0    0   18    0    0
Harpacticoida                27    0    2    0    0    0    0    0    0    0    0    1    0    1    0   62    1    0    0    1    2    0    0    3    0    0    0
Penilia                       0    0    1    0    0    0    0    0    0    0    0    0    0    0    0    0   98    0    0    1    0    0    0    0    0    0    0
Phaeodaria                    0    0    0    1    1    0    0    0    0    0    0    0    0    1    4    0    1   88    1    2    1    0    0    0    0    0    0
eudoxie__Diphyidae            0    2    2    0    0    0    0    2    0    6    0    0    0   14    0    1    1    0   61    1    0    3    0    1    0    5    1
Evadne                        0    0    0    7    0    0    0    0    0    0    0    1   23    0    0    0    3    1    1   63    1    0    0    0    0    0    0
zoea__Decapoda                0    0    1    2    0    0    0    0    0    0    0    0    0    0    0    0    0    0    0    1   95    0    0    1    0    0    0
Oikopleuridae                 0    0    0    0    0    0    0    7    0    0    0    0    0    3    0    0    0    0    0    0    0   81    3    0    0    0    6
tail__Chaetognatha            0    1    0    0    0    0    0    2    0    0    0    0    0    1    1    0    0    0    3    0    0    4   51    0    0    1   36
nauplii__Crustacea            0    0    0    1    1    0    0    0    1    0    0    0    5    3    0    2    0    0    2    1    0    0    0   84    0    0    0
Limacinidae                   0    0    0   16    7    0    0    0    0    0    0    1    1    0   17    0    0    0    0    4    0    0    0    0   54    0    0
gonophore__Diphyidae          0    0    0    0    0    0    1    2    0   31    0    1    0    1    0    0    1    1   10    0    0    0    0    0    0   52    0
tail__Appendicularia          1    0    0    3    0    0    0    2    0    0    0    0    1    2    0    0    0    0    0    0    0    4   19    0    0    0   68
