Temoridae                    36    0    2    1    1    9    1    2    0   18    0    3    4    0    0    0    1    0    0    0    0    7    2    0   13    0    0
multiple__other               7    0   21    1    0    2    6    2    0    5    4    3   13    4    0    0    0    0   10    0    7    0    0    7    3    5    0
Haloptilus                    2    0   54    0    0    0    3    0    0    0    0    1   11    8    0    1    0    0    2    0   12    0    1    1    1    3    0
Limacinidae                   1    0    0   26    0    0    0    2    0    6   39    0    1    0    2    0    1    0    0    0    0    3    0    0    0    0   19
zoea__Decapoda               15    0   22    1    0    4    0    0    1   13    5    9   17    1    0    0    0    1    2    0    0    6    1    0    1    0    1
Oncaeidae                    18    0    0    0    0   19    0    7    0   26    4    1    5    0    0    0    0    0    0    0    0    9    0    0   11    0    0
nectophore__Diphyidae         2    0   11    0    1    0   64    0    0    0    0    0    0    2    0    0    0    2    0    0   15    0    0    2    0    1    0
nauplii__Crustacea            8    0    6    0    0    1    0   40    0    5    0    0   15    1    3    2    3    0    0    0    2    1    2    0    5    1    5
multiple__Copepoda            7    0   16    0    1    3    0    3    3    4    0    7   28    1    0    0    0    1    7    0    2    3    1    6    5    1    1
Evadne                       12    0    1    1    0    4    0    7    0   39    0    0    0    0    0    0    3    0    0    0    0   21    0    0    3    0    9
Foraminifera                  2    0    0   11    0    0    0    0    0    5   68    0    0    0    0    0    0    0    0    0    0   10    0    0    0    0    4
Euchaetidae                  18    0   15    0    1    4    1    1    0    3    0   22   18    0    0    2    0    1    5    1    1    0    0    1    6    0    0
Penilia                       6    0   31    0    0    0    0   14    0    1    0    0   44    0    0    0    0    1    0    0    0    0    1    0    2    0    0
Oikopleuridae                 1    0   21    0    0    0    2    0    0    0    0    0    0   18    0    0    0    1    0    0   41    0    0    0    0   16    0
egg__other                    1    0    9   26    0    0    0   27    0    4    7    0    3    2   11    3    0    0    0    0    0    1    0    0    1    0    5
Noctiluca                     9    0   37    0    0    0    0    5    0    0    0    0   31    3    0    7    1    0    0    0    1    0    3    0    1    2    0
nauplii__Cirripedia          13    0    2    1    0    3    0   13    0   34    3    0    3    0    0    0    2    0    0    0    0    8    1    0    8    1    8
gonophore__Diphyidae          6    0   41    0    0    0    5    0    0    1    0    1    5   10    0    2    0    2    0    0   23    0    1    0    0    3    0
Eucalanidae                   5    0   26    0    1    0    5    1    0    0    0    4    9    0    0    0    0    1   25    0    2    0    0   19    1    1    0
tail__Chaetognatha            0    0   19    0    0    0   30    1    0    1    0    0    7    7    0    0    0    0    1    0   28    1    0    1    1    3    0
tail__Appendicularia          0    0   11    0    0    0    6    0    0    4    0    0    2   10    0    0    1    0    0    0   64    0    0    1    0    1    0
Phaeodaria                    7    0    0    0    0    0    0    1    0    8    5    0    2    0    0    1    0    0    0    0    1   74    0    0    0    0    1
eudoxie__Diphyidae            7    0   22    0    3    3    5    6    0    5    0    4   19    3    0    2    0    1    0    0    4    1    7    0    5    3    0
Salpida                       1    0   19    0    2    0   19    2    0    0    0    1    0    6    0    0    0    0    6    1   15    1    0   23    0    4    0
Harpacticoida                11    0    1    0    0   10    1   19    0   21    0    4   15    0    0    0    3    0    0    0    1    2    0    1    9    2    0
Fritillariidae                2    0   33    0    0    0    2    0    0    0    0    0    2   19    0    1    0    1    0    0   33    0    1    0    1    5    0
Ostracoda                     3    0    0   13    0    1    0    3    0   17   35    0    2    0    1    0    2    0    0    0    0    9    1    0    1    0   12
