Oncaeidae                    55    0    0    0    0    0    1    0    0    0    0    1    0    0    1   26    3    0    5    3    0    0    0    4    1    0    0
Salpida                       0   55    1    1    0    0    0   10    2    8    0    0    0    2    0    0    0    0    0    0    0    3    0    0    0   16    2
multiple__Copepoda            0    4   59    1    0    0    2    0    2    1    7    3    0    5    0    1    2    0    4    1    1    0    1    1    0    5    0
Ostracoda                     0    0    0   67    0    0    2    0    0    0    0    0    0    1    4    0    0    0    0   12    0    0    0    0   12    2    0
egg__other                    0    0    1    1   66    0    8    0    0    0    0    0    1    0    9    0    0    1    0    1    0    0    0    0   12    0    0
Eucalanidae                   0    1    4    0    0   62    0    0    7    2    9    2    0    2    0    0    2    0    1    0    0    0    0    0    0    8    0
Noctiluca                     0    0    0    1    3    0   93    1    0    0    0    0    0    0    0    0    0    0    0    2    0    0    0    0    0    0    0
Fritillariidae                0    3    1    0    0    0    5   62    0    0    0    0    0    0    0    0    0    0    1    0    0   14    4    0    0    9    1
Haloptilus                    0    1    0    0    0    3    4    0   80    1    2    0    0    0    0    0    4    0    0    0    0    0    0    0    0    5    0
nectophore__Diphyidae         0    3    0    0    0    0    1    0    0   82    0    0    0    0    0    0    0    0    0    0    0    0    0    0    0   14    0
Euchaetidae                   0    0    2    0    0    7    0    0    6    3   62   11    0    2    0    0    0    0    2    0    0    0    0    0    0    5    0
Temoridae                     2    0    1    3    0    0    0    0    0    0    9   50    2    3    0    6    1    0    4    3    0    0    0   10    0    6    0
nauplii__Cirripedia           0    0    0    4    0    0    0    0    0    0    0    1   77    0    0    0    0    0    2   12    0    0    0    3    1    0    0
multiple__other               0   16   18    1    0    2    4    3    0    6    3    0    0   16    1    1    2    0    3    1    3    3    2    0    1   11    3
Foraminifera                  0    0    0    1    2    0    2    0    0    0    0    0    1    0   67    0    0    6    0    2    0    0    0    0   19    0    0
Harpacticoida                22    1    0    0    0    0    1    0    0    0    0    2    0    1    0   56    2    0    7    4    0    0    1    1    0    2    0
Penilia                       0    0    0    1    0    0    5    1    0    0    1    6    1    0    0    0   83    0    0    1    0    0    0    0    0    1    0
Phaeodaria                    0    0    0    0    1    0    8    0    0    0    0    0    0    0    7    0    0   79    0    4    0    0    0    0    0    1    0
eudoxie__Diphyidae            5    2    7    0    0    0    1    8    0    7    0    3    0    2    0    6    0    0   29    0    0    4    4    4    0   18    0
Evadne                        0    0    0    5    0    0    2    0    0    0    0    1   12    0    0    0    2    0    0   75    0    0    0    1    1    1    0
zoea__Decapoda                2    2    1    2    0    0    0    3    0    0    0    0    1    4    0    0    0    2    1    2   76    2    0    1    0    1    0
Oikopleuridae                 0    1    0    0    3    0    0   15    0    0    0    0    0    2    0    0    0    0    3    0    0   61    8    1    0    1    5
tail__Chaetognatha            0    1    1    1    0    0    0    1    0    1    0    0    0    0    1    0    0    0    3    0    0    3   51    1    0    2   34
nauplii__Crustacea            1    0    2    1    1    0    1    1    0    0    0    6    6    1    0    4    0    0    2    1    0    0    0   67    4    2    0
Limacinidae                   1    0    0    6    2    0    0    0    0    0    0    0    0    0   25    0    0    0    0    2    0    0    0    0   64    0    0
gonophore__Diphyidae          1    3    0    0    0    0    3    0    0   45    2    1    0    1    0    0    0    1    3    0    0    0    1    0    0   39    0
tail__Appendicularia          0    1    0    3    0    0    0    0    0    0    0    0    0    0    0    0    0    0    0    1    0    1   47    0    1    2   44
