Oncaeidae                    54    0    1    1    0    0    0    0    0    0    0    8    1    0    0   21    1    0    6    1    0    0    0    5    1    0    0
Salpida                       0   48    1    0    1    1    1    3    6   19    4    0    0    2    0    0    0    0    0    0    0    8    0    0    0    6    0
multiple__Copepoda            1    1   36    0    0    6    0    5    2    3   17    3    1    1    0    4    1    0    9    1    2    1    1    2    0    1    2
Ostracoda                     2    0    0   47    2    1    0    0    1    0    1    7    9    0    3    1    0    0    0   11    0    0    0    1   14    0    0
egg__other                    1    0    0    3   64    0    9    0    3    0    0    0    1    0    5    1    1    1    0    5    0    0    0    0    6    0    0
Eucalanidae                   0    0   13    0    0   45    0    0    0   24   10    1    0    2    0    0    1    0    1    0    0    1    1    0    0    0    1
Noctiluca                     0    0    0    0    1    0   89    1    4    0    0    0    0    0    0    0    1    0    0    4    0    0    0    0    0    0    0
Fritillariidae                0    1    0    0    0    1   17   41    1    4    1    0    0    0    0    1    2    0    2    0    0   22    0    0    0    7    0
Haloptilus                    0    5    1    0    0   11   17    0   44    3    1    0    0    2    0    0    2    0    0    0    0    4    0    0    0    4    6
nectophore__Diphyidae         0    0    0    0    0    0    1    0    2   90    2    0    0    0    0    0    0    0    1    0    0    0    0    0    0    4    0
Euchaetidae                   0    0    7    0    0    4    0    0    0    1   79    3    0    0    0    0    0    0    6    0    0    0    0    0    0    0    0
Temoridae                     6    0    7    3    0    1    0    0    0    0   14   40    6    0    0    2    1    0   12    2    0    0    0    6    0    0    0
nauplii__Cirripedia           1    0    0    1    0    0    0    0    1    0    1    2   73    0    0    1    2    0    0   12    0    0    0    3    3    0    0
multiple__other               0   11   10    1    1    5    1    6    7   11    3    2    0    6    0    3    2    0    5    1    7    4    3    4    1    5    1
Foraminifera                  0    0    0    2    8    0    3    0    1    0    0    0    1    0   50    2    0    7    0    7    0    0    0    0   19    0    0
Harpacticoida                25    0    0    0    0    1    1    2    0    2    1    3    0    0    0   49    4    0    1    2    0    4    0    5    0    0    0
Penilia                       0    0    3    0    0    0   18   12    2    0    0    1    2    1    0    2   52    0    3    3    0    0    0    0    0    1    0
Phaeodaria                    0    0    0    2    1    0   10    0    1    0    0    0    0    0    2    0    1   80    0    1    0    0    0    0    1    1    0
eudoxie__Diphyidae            4    1    2    0    0    0    2    8    0   10   11    4    0    1    0    4    3    0   32    0    0    7    0    3    0    8    0
Evadne                        0    0    0    0    1    0    2    0    1    0    0    0   28    0    0    1    2    1    0   62    0    0    0    1    1    0    0
zoea__Decapoda                0    0    6    2    0    0    0    2    0    0    0    4    1    1    0    1    0    0    0    2   75    3    1    2    0    0    0
Oikopleuridae                 0    2    0    0    0    3    0    8    0    6    1    0    0    1    0    0    2    0    2    0    4   55    9    0    0    5    2
tail__Chaetognatha            1    0    1    0    1    2    0    1    1   29    0    0    0    0    0    0    1    0    1    0    8    2   26    1    1    1   23
nauplii__Crustacea            6    1    0    1    1    0    1    5    3    0    0   11   16    0    0    1    1    0    0    1    0    2    0   49    1    0    0
Limacinidae                   0    0    0    3    9    0    0    0    0    0    0    0    6    0   17    1    0    1    0    3    0    0    0    1   59    0    0
gonophore__Diphyidae          0    3    0    0    0    0    0    2   11   53    7    0    0    0    0    0    1    0    3    0    0    5    0    0    0   15    0
tail__Appendicularia          0    1    2    2    0    3    0    0    3   37    1    0    1    0    0    0    0    0    1    1    2    5   17    0    1    1   22
