zoea__Decapoda              r=1.271   0.000  3.362  3.447  2.818  3.341  3.958  5.182  3.567  3.947  4.611  4.378  3.950  3.482  3.401  2.674  3.450  3.398  4.083  3.438  3.356  4.112  3.596  4.208  3.448  3.936  4.240  3.587
Oncaeidae                   r=1.362   3.362  0.000  4.190  3.040  3.530  3.400  4.524  4.173  3.749  4.477  4.178  3.797  2.892  4.085  3.087  3.949  0.607  3.788  4.419  3.246  3.891  4.031  3.566  3.766  3.088  3.892  3.453
Salpida                     r=1.502   3.447  4.190  0.000  2.962  4.007  4.418  4.125  2.695  3.670  3.298  2.269  4.096  4.070  3.273  2.121  3.396  4.052  3.891  3.225  2.372  4.050  3.517  4.749  4.002  4.208  2.520  4.209
multiple__Copepoda          r=1.591   2.818  3.040  2.962  0.000  4.087  4.031  4.335  3.078  2.368  3.601  3.775  2.949  2.853  3.532  1.123  3.701  2.878  3.302  3.715  2.568  4.090  3.842  4.174  4.137  3.423  3.532  4.141
Ostracoda                   r=1.274   3.341  3.530  4.007  4.087  0.000  2.973  4.368  4.541  4.356  4.705  4.075  3.990  3.158  4.422  3.728  3.440  3.705  4.281  3.347  3.823  2.931  3.462  3.343  2.312  3.525  4.021  1.886
Evadne                      r=1.394   3.958  3.400  4.418  4.031  2.973  0.000  3.450  4.355  4.705  4.732  4.345  4.477  3.464  4.431  3.769  4.217  3.326  2.975  2.973  3.486  3.012  4.213  1.412  2.413  2.731  3.803  2.547
Noctiluca                   r=1.224   5.182  4.524  4.125  4.335  4.368  3.450  0.000  4.306  4.680  4.549  3.879  4.711  4.489  4.609  3.970  4.685  4.387  3.712  3.447  3.803  3.072  4.656  3.962  3.708  4.230  3.391  3.920
Fritillariidae              r=1.418   3.567  4.173  2.695  3.078  4.541  4.355  4.306  0.000  4.021  3.967  3.646  4.679  4.436  1.279  2.287  2.745  3.936  3.598  3.909  2.570  4.075  2.765  4.597  4.273  4.077  3.388  4.433
Eucalanidae                 r=1.173   3.947  3.749  3.670  2.368  4.356  4.705  4.680  4.021  0.000  2.521  4.142  2.215  2.830  4.451  2.623  4.118  3.702  3.901  4.371  3.795  4.644  4.231  4.731  4.760  3.965  4.093  4.703
Haloptilus                  r=0.959   4.611  4.477  3.298  3.601  4.705  4.732  4.549  3.967  2.521  0.000  3.948  3.748  3.981  4.549  3.284  4.398  4.375  3.535  4.047  4.057  4.977  4.468  4.876  4.847  4.399  3.984  5.052
nectophore__Diphyidae       r=1.150   4.378  4.178  2.269  3.775  4.075  4.345  3.879  3.646  4.142  3.948  0.000  4.267  4.175  4.036  3.055  3.462  4.067  4.093  3.938  2.260  4.041  3.537  4.665  4.299  4.161  1.063  4.319
Euchaetidae                 r=1.165   3.950  3.797  4.096  2.949  3.990  4.477  4.711  4.679  2.215  3.748  4.267  0.000  1.897  5.049  3.298  4.672  3.921  4.359  4.358  4.118  4.525  4.758  4.495  4.589  4.113  4.274  4.457
Temoridae                   r=1.423   3.482  2.892  4.070  2.853  3.158  3.464  4.489  4.436  2.830  3.981  4.175  1.897  0.000  4.711  3.053  4.224  3.077  3.613  4.078  3.555  3.911  4.288  3.470  3.928  3.105  4.006  3.598
Oikopleuridae               r=1.127   3.401  4.085  3.273  3.532  4.422  4.431  4.609  1.279  4.451  4.549  4.036  5.049  4.711  0.000  2.792  2.406  3.859  3.999  4.183  2.904  4.101  2.415  4.668  4.227  4.167  3.767  4.300
multiple__other             r=1.974   2.674  3.087  2.121  1.123  3.728  3.769  3.970  2.287  2.623  3.284  3.055  3.298  3.053  2.792  0.000  2.958  2.896  3.049  3.317  1.787  3.647  3.103  3.969  3.738  3.197  2.823  3.770
tail__Chaetognatha          r=1.155   3.450  3.949  3.396  3.701  3.440  4.217  4.685  2.745  4.118  4.398  3.462  4.672  4.224  2.406  2.958  0.000  3.843  4.047  4.216  2.907  3.749  0.323  4.525  3.945  3.998  3.416  3.734
Harpacticoida               r=1.394   3.398  0.607  4.052  2.878  3.705  3.326  4.387  3.936  3.702  4.375  4.067  3.921  3.077  3.859  2.896  3.843  0.000  3.558  4.367  3.000  3.900  3.921  3.490  3.813  2.915  3.717  3.557
Penilia                     r=1.255   4.083  3.788  3.891  3.302  4.281  2.975  3.712  3.598  3.901  3.535  4.093  4.359  3.613  3.999  3.049  4.047  3.558  0.000  3.530  3.157  4.291  4.063  3.471  4.186  3.420  3.507  4.337
Phaeodaria                  r=1.276   3.438  4.419  3.225  3.715  3.347  2.973  3.447  3.909  4.371  4.047  3.938  4.358  4.078  4.183  3.317  4.216  4.367  3.530  0.000  3.662  3.500  4.277  3.694  2.442  4.264  3.709  3.308
eudoxie__Diphyidae          r=1.690   3.356  3.246  2.372  2.568  3.823  3.486  3.803  2.570  3.795  4.057  2.260  4.118  3.555  2.904  1.787  2.907  3.000  3.157  3.662  0.000  3.445  3.010  3.656  3.743  2.847  1.777  3.692
egg__other                  r=1.725   4.112  3.891  4.050  4.090  2.931  3.012  3.072  4.075  4.644  4.977  4.041  4.525  3.911  4.101  3.647  3.749  3.900  4.291  3.500  3.445  0.000  3.732  3.117  2.165  3.336  3.739  1.778
tail__Appendicularia        r=1.141   3.596  4.031  3.517  3.842  3.462  4.213  4.656  2.765  4.231  4.468  3.537  4.758  4.288  2.415  3.103  0.323  3.921  4.063  4.277  3.010  3.732  0.000  4.521  3.977  4.030  3.471  3.757
nauplii__Cirripedia         r=1.234   4.208  3.566  4.749  4.174  3.343  1.412  3.962  4.597  4.731  4.876  4.665  4.495  3.470  4.668  3.969  4.525  3.490  3.471  3.694  3.656  3.117  4.521  0.000  2.871  1.975  4.164  2.783
Foraminifera                r=1.517   3.448  3.766  4.002  4.137  2.312  2.413  3.708  4.273  4.760  4.847  4.299  4.589  3.928  4.227  3.738  3.945  3.813  4.186  2.442  3.743  2.165  3.977  2.871  0.000  3.560  4.043  1.277
nauplii__Crustacea          r=1.383   3.936  3.088  4.208  3.423  3.525  2.731  4.230  4.077  3.965  4.399  4.161  4.113  3.105  4.167  3.197  3.998  2.915  3.420  4.264  2.847  3.336  4.030  1.975  3.560  0.000  3.728  3.236
gonophore__Diphyidae        r=1.410   4.240  3.892  2.520  3.532  4.021  3.803  3.391  3.388  4.093  3.984  1.063  4.274  4.006  3.767  2.823  3.416  3.717  3.507  3.709  1.777  3.739  3.471  4.164  4.043  3.728  0.000  4.098
Limacinidae                 r=1.339   3.587  3.453  4.209  4.141  1.886  2.547  3.920  4.433  4.703  5.052  4.319  4.457  3.598  4.300  3.770  3.734  3.557  4.337  3.308  3.692  1.778  3.757  2.783  1.277  3.236  4.098  0.000
