Temoridae                   r=1.059   0.000  1.244  2.350  1.666  1.066  2.120  2.189  1.300  1.708  2.223  1.874  1.426  2.139  2.270  1.284  2.158  0.706  0.420  0.243  2.224  2.161  1.339  1.690  1.612  2.146  0.649  2.232
Phaeodaria                  r=0.723   1.244  0.000  3.087  1.039  1.867  2.854  2.808  2.168  2.520  3.015  1.101  2.323  2.787  2.941  1.675  2.940  0.762  1.049  1.137  2.948  2.839  0.742  2.446  2.458  2.809  1.671  2.930
Haloptilus                  r=0.839   2.350  3.087  0.000  3.315  1.369  0.444  1.265  1.611  0.762  0.639  3.494  1.136  1.084  0.776  2.216  0.451  2.808  2.439  2.494  0.694  0.817  3.115  0.739  0.778  0.928  1.863  0.587
Limacinidae                 r=0.952   1.666  1.039  3.315  0.000  2.173  3.095  3.051  2.410  2.778  3.236  0.355  2.613  3.023  3.173  1.628  3.169  1.206  1.414  1.546  3.186  3.075  0.369  2.694  2.724  3.053  2.007  3.164
zoea__Decapoda              r=1.616   1.066  1.867  1.369  2.173  0.000  1.231  1.572  0.902  0.703  1.259  2.366  0.518  1.479  1.487  1.307  1.198  1.547  1.186  1.188  1.297  1.380  1.917  0.748  0.693  1.371  0.679  1.389
gonophore__Diphyidae        r=0.967   2.120  2.854  0.444  3.095  1.231  0.000  0.911  1.520  0.780  0.905  3.276  1.062  0.678  0.405  2.034  0.658  2.566  2.210  2.277  0.766  0.462  2.888  0.583  0.670  0.684  1.688  0.224
nectophore__Diphyidae       r=0.719   2.189  2.808  1.265  3.051  1.572  0.911  0.000  1.981  1.383  1.707  3.216  1.505  0.496  0.726  2.225  1.491  2.562  2.291  2.357  1.165  0.507  2.855  1.039  1.289  0.590  1.952  0.825
nauplii__Crustacea          r=1.444   1.300  2.168  1.611  2.410  0.902  1.520  1.981  0.000  1.057  1.254  2.643  1.068  1.795  1.776  1.057  1.266  1.720  1.298  1.349  1.659  1.720  2.158  1.203  0.942  1.781  0.699  1.678
multiple__Copepoda          r=1.450   1.708  2.520  0.762  2.778  0.703  0.780  1.383  1.057  0.000  0.672  2.970  0.510  1.251  1.133  1.704  0.619  2.197  1.819  1.838  0.745  1.034  2.550  0.384  0.367  1.034  1.205  0.979
Penilia                     r=0.973   2.223  3.015  0.639  3.236  1.259  0.905  1.707  1.254  0.672  0.000  3.430  1.033  1.507  1.277  2.003  0.293  2.697  2.298  2.333  1.010  1.275  3.028  0.906  0.725  1.375  1.652  1.096
Foraminifera                r=0.811   1.874  1.101  3.494  0.355  2.366  3.276  3.216  2.643  2.970  3.430  0.000  2.801  3.200  3.349  1.889  3.360  1.433  1.654  1.758  3.361  3.252  0.612  2.880  2.922  3.224  2.231  3.342
Euchaetidae                 r=1.279   1.426  2.323  1.136  2.613  0.518  1.062  1.505  1.068  0.510  1.033  2.801  0.000  1.414  1.375  1.696  0.992  1.984  1.616  1.577  1.090  1.270  2.370  0.660  0.550  1.268  1.000  1.249
tail__Appendicularia        r=0.716   2.139  2.787  1.084  3.023  1.479  0.678  0.496  1.795  1.251  1.507  3.200  1.414  0.000  0.414  2.078  1.270  2.515  2.216  2.301  1.143  0.343  2.823  0.936  1.120  0.661  1.842  0.554
Oikopleuridae               r=0.647   2.270  2.941  0.776  3.173  1.487  0.405  0.726  1.776  1.133  1.277  3.349  1.375  0.414  0.000  2.164  1.025  2.671  2.345  2.432  0.991  0.341  2.975  0.862  1.006  0.652  1.903  0.197
egg__other                  r=1.893   1.284  1.675  2.216  1.628  1.307  2.034  2.225  1.057  1.704  2.003  1.889  1.696  2.078  2.164  0.000  1.961  1.301  1.040  1.230  2.182  2.089  1.444  1.689  1.614  2.128  1.097  2.128
Noctiluca                   r=0.970   2.158  2.940  0.451  3.169  1.198  0.658  1.491  1.266  0.619  0.293  3.360  0.992  1.270  1.025  1.961  0.000  2.628  2.233  2.284  0.889  1.048  2.959  0.747  0.591  1.170  1.619  0.846
Evadne                      r=0.955   0.706  0.762  2.808  1.206  1.547  2.566  2.562  1.720  2.197  2.697  1.433  1.984  2.515  2.671  1.301  2.628  0.000  0.447  0.579  2.677  2.568  0.849  2.147  2.114  2.551  1.176  2.653
nauplii__Cirripedia         r=1.246   0.420  1.049  2.439  1.414  1.186  2.210  2.291  1.298  1.819  2.298  1.654  1.616  2.216  2.345  1.040  2.233  0.447  0.000  0.341  2.332  2.248  1.081  1.792  1.719  2.244  0.759  2.313
Oncaeidae                   r=1.073   0.243  1.137  2.494  1.546  1.188  2.277  2.357  1.349  1.838  2.333  1.758  1.577  2.301  2.432  1.230  2.284  0.579  0.341  0.000  2.370  2.322  1.214  1.836  1.756  2.309  0.732  2.392
Eucalanidae                 r=1.247   2.224  2.948  0.694  3.186  1.297  0.766  1.165  1.659  0.745  1.010  3.361  1.090  1.143  0.991  2.182  0.889  2.677  2.332  2.370  0.000  0.850  2.982  0.638  0.916  0.636  1.801  0.870
tail__Chaetognatha          r=1.002   2.161  2.839  0.817  3.075  1.380  0.462  0.507  1.720  1.034  1.275  3.252  1.270  0.343  0.341  2.089  1.048  2.568  2.248  2.322  0.850  0.000  2.874  0.727  0.958  0.440  1.810  0.382
Ostracoda                   r=1.117   1.339  0.742  3.115  0.369  1.917  2.888  2.855  2.158  2.550  3.028  0.612  2.370  2.823  2.975  1.444  2.959  0.849  1.081  1.214  2.982  2.874  0.000  2.474  2.491  2.851  1.714  2.963
multiple__other             r=1.508   1.690  2.446  0.739  2.694  0.748  0.583  1.039  1.203  0.384  0.906  2.880  0.660  0.936  0.862  1.689  0.747  2.147  1.792  1.836  0.638  0.727  2.474  0.000  0.425  0.709  1.266  0.743
eudoxie__Diphyidae          r=1.337   1.612  2.458  0.778  2.724  0.693  0.670  1.289  0.942  0.367  0.725  2.922  0.550  1.120  1.006  1.614  0.591  2.114  1.719  1.756  0.916  0.958  2.491  0.425  0.000  1.039  1.107  0.866
Salpida                     r=1.192   2.146  2.809  0.928  3.053  1.371  0.684  0.590  1.781  1.034  1.375  3.224  1.268  0.661  0.652  2.128  1.170  2.551  2.244  2.309  0.636  0.440  2.851  0.709  1.039  0.000  1.825  0.655
Harpacticoida               r=1.378   0.649  1.671  1.863  2.007  0.679  1.688  1.952  0.699  1.205  1.652  2.231  1.000  1.842  1.903  1.097  1.619  1.176  0.759  0.732  1.801  1.810  1.714  1.266  1.107  1.825  0.000  1.831
Fritillariidae              r=0.784   2.232  2.930  0.587  3.164  1.389  0.224  0.825  1.678  0.979  1.096  3.342  1.249  0.554  0.197  2.128  0.846  2.653  2.313  2.392  0.870  0.382  2.963  0.743  0.866  0.655  1.831  0.000
