Temoridae                   r=1.288   0.000  2.740  2.180  3.016  1.644  2.676  3.159  0.889  1.921  1.521  3.065  1.672  3.239  3.129  2.848  2.727  2.193  2.185  0.527  2.451  3.123  2.422  1.961  1.217  2.668  0.855  2.951
Phaeodaria                  r=1.319   2.740  0.000  3.057  1.582  3.074  2.807  3.174  2.412  3.388  3.052  1.339  3.432  3.524  3.718  2.056  2.559  1.099  1.146  3.033  3.685  3.677  1.259  3.152  2.850  3.259  3.431  3.615
Haloptilus                  r=1.847   2.180  3.057  0.000  3.154  1.830  1.310  1.536  1.787  1.611  1.708  3.250  2.153  1.527  1.378  2.447  1.835  2.734  2.612  2.397  1.804  1.472  2.806  1.018  1.030  1.042  2.406  1.180
Limacinidae                 r=0.968   3.016  1.582  3.154  0.000  3.322  2.629  2.968  2.601  3.636  3.332  0.395  3.697  3.383  3.684  1.276  2.498  1.334  1.471  3.276  3.957  3.669  0.813  3.336  3.042  3.336  3.655  3.614
zoea__Decapoda              r=1.685   1.644  3.074  1.830  3.322  0.000  2.703  2.904  1.987  0.627  2.295  3.369  1.022  2.638  2.437  3.094  3.065  2.863  2.873  1.560  1.154  2.335  2.741  0.977  1.488  1.857  1.627  2.284
gonophore__Diphyidae        r=1.622   2.676  2.807  1.310  2.629  2.703  0.000  0.834  2.049  2.653  2.256  2.772  3.031  1.609  1.867  1.663  0.919  2.395  2.276  2.937  2.881  1.981  2.464  2.085  1.828  1.697  3.096  1.789
nectophore__Diphyidae       r=1.435   3.159  3.174  1.536  2.968  2.904  0.834  0.000  2.628  2.785  2.832  3.100  3.291  1.236  1.590  2.063  1.622  2.882  2.794  3.377  2.902  1.679  2.836  2.175  2.256  1.472  3.517  1.574
nauplii__Crustacea          r=1.482   0.889  2.412  1.787  2.601  1.987  2.049  2.628  0.000  2.165  1.095  2.680  2.137  2.847  2.823  2.262  2.015  1.743  1.664  1.333  2.647  2.858  2.105  1.954  0.974  2.439  1.589  2.647
multiple__Copepoda          r=1.766   1.921  3.388  1.611  3.636  0.627  2.653  2.785  2.165  0.000  2.251  3.690  1.005  2.504  2.233  3.290  3.091  3.183  3.155  1.881  0.640  2.141  3.101  0.727  1.464  1.573  1.815  2.066
Penilia                     r=1.134   1.521  3.052  1.708  3.332  2.295  2.256  2.832  1.095  2.251  0.000  3.391  2.244  3.032  2.902  2.871  2.159  2.563  2.398  1.857  2.614  2.974  2.930  2.072  1.080  2.538  1.816  2.701
Foraminifera                r=1.053   3.065  1.339  3.250  0.395  3.369  2.772  3.100  2.680  3.690  3.391  0.000  3.732  3.510  3.798  1.503  2.612  1.293  1.424  3.331  3.995  3.777  0.838  3.408  3.126  3.419  3.716  3.725
Euchaetidae                 r=1.539   1.672  3.432  2.153  3.697  1.022  3.031  3.291  2.137  1.005  2.244  3.732  0.000  3.229  3.000  3.475  3.301  3.198  3.182  1.565  1.272  2.961  3.150  1.506  1.698  2.219  1.478  2.829
tail__Appendicularia        r=1.137   3.239  3.524  1.527  3.383  2.638  1.609  1.236  2.847  2.504  3.032  3.510  3.229  0.000  0.650  2.589  2.384  3.274  3.218  3.386  2.615  0.716  3.161  1.852  2.282  1.410  3.472  0.738
Oikopleuridae               r=0.960   3.129  3.718  1.378  3.684  2.437  1.867  1.590  2.823  2.233  2.902  3.798  3.000  0.650  0.000  2.917  2.599  3.485  3.416  3.252  2.323  0.376  3.399  1.579  2.115  1.299  3.277  0.232
egg__other                  r=1.417   2.848  2.056  2.447  1.276  3.094  1.663  2.063  2.262  3.290  2.871  1.503  3.475  2.589  2.917  0.000  1.629  1.627  1.625  3.123  3.607  2.950  1.438  2.860  2.533  2.704  3.429  2.864
Noctiluca                   r=1.384   2.727  2.559  1.835  2.498  3.065  0.919  1.622  2.015  3.091  2.159  2.612  3.301  2.384  2.599  1.629  0.000  2.166  1.991  3.029  3.363  2.715  2.383  2.603  2.078  2.378  3.228  2.506
Evadne                      r=1.251   2.193  1.099  2.734  1.334  2.863  2.395  2.882  1.743  3.183  2.563  1.293  3.198  3.274  3.485  1.627  2.166  0.000  0.316  2.543  3.576  3.473  0.911  2.917  2.381  3.087  2.956  3.369
nauplii__Cirripedia         r=1.301   2.185  1.146  2.612  1.471  2.873  2.276  2.794  1.664  3.155  2.398  1.424  3.182  3.218  3.416  1.625  1.991  0.316  0.000  2.560  3.537  3.418  1.114  2.869  2.285  3.021  2.943  3.293
Oncaeidae                   r=1.113   0.527  3.033  2.397  3.276  1.560  2.937  3.377  1.333  1.881  1.857  3.331  1.565  3.386  3.252  3.123  3.029  2.543  2.560  0.000  2.424  3.230  2.661  2.029  1.487  2.797  0.595  3.084
Eucalanidae                 r=1.485   2.451  3.685  1.804  3.957  1.154  2.881  2.902  2.647  0.640  2.614  3.995  1.272  2.615  2.323  3.607  3.363  3.576  3.537  2.424  0.000  2.232  3.467  1.030  1.907  1.560  2.317  2.167
tail__Chaetognatha          r=1.152   3.123  3.677  1.472  3.669  2.335  1.981  1.679  2.858  2.141  2.974  3.777  2.961  0.716  0.376  2.950  2.715  3.473  3.418  3.230  2.232  0.000  3.359  1.521  2.163  1.270  3.267  0.455
Ostracoda                   r=1.513   2.422  1.259  2.806  0.813  2.741  2.464  2.836  2.105  3.101  2.930  0.838  3.150  3.161  3.399  1.438  2.383  0.911  1.114  2.661  3.467  3.359  0.000  2.850  2.568  2.980  3.088  3.311
multiple__other             r=1.924   1.961  3.152  1.018  3.336  0.977  2.085  2.175  1.954  0.727  2.072  3.408  1.506  1.852  1.579  2.860  2.603  2.917  2.869  2.029  1.030  1.521  2.850  0.000  1.156  1.047  2.038  1.402
eudoxie__Diphyidae          r=1.747   1.217  2.850  1.030  3.042  1.488  1.828  2.256  0.974  1.464  1.080  3.126  1.698  2.282  2.115  2.533  2.078  2.381  2.285  1.487  1.907  2.163  2.568  1.156  0.000  1.740  1.509  1.916
Salpida                     r=1.983   2.668  3.259  1.042  3.336  1.857  1.697  1.472  2.439  1.573  2.538  3.419  2.219  1.410  1.299  2.704  2.378  3.087  3.021  2.797  1.560  1.270  2.980  1.047  1.740  0.000  2.853  1.178
Harpacticoida               r=0.986   0.855  3.431  2.406  3.655  1.627  3.096  3.517  1.589  1.815  1.816  3.716  1.478  3.472  3.277  3.429  3.228  2.956  2.943  0.595  2.317  3.267  3.088  2.038  1.509  2.853  0.000  3.099
Fritillariidae              r=1.133   2.951  3.615  1.180  3.614  2.284  1.789  1.574  2.647  2.066  2.701  3.725  2.829  0.738  0.232  2.864  2.506  3.369  3.293  3.084  2.167  0.455  3.311  1.402  1.916  1.178  3.099  0.000
