Creating base network from scratch.
Starting iteration 1/10 lr=0.01
0	2.50418598780036	4.127536189556122
1	1.8650631469637156	3.28578773021698
2	1.7019154065577313	2.040425951257348
3	1.6072441590726376	2.2729567021131514
4	1.4730941157266497	1.446032403856516
Summarizing 1
Centroid radius: [1.69, 1.92, 1.12, 1.11, 1.61, 1.59, 1.02, 1.68, 1.09, 1.58, 1.5, 1.02, 1.45, 1.49, 1.23, 1.43, 1.66, 1.64, 2.24, 2.26, 0.94, 1.78, 1.74, 1.59, 1.36, 1.74, 1.74]
Centroid moved: [3.01, 3.14, 3.44, 3.69, 3.21, 3.49, 3.6, 3.23, 3.45, 3.27, 3.3, 3.49, 3.25, 3.32, 3.49, 3.55, 3.15, 3.16, 2.96, 2.72, 3.65, 3.24, 3.02, 3.45, 3.43, 3.38, 3.26]
Accuracy: 0.506
Avg centr rad: 1.53 move: 3.31
Starting iteration 2/10 lr=0.009000000000000001
0	1.391971784118563	1.5812701499462127
1	1.3212622718196363	3.1542506229877474
2	1.1883614217392169	2.7046782886981964
3	1.0556254219375552	1.3301008626446127
4	0.9664791177590377	1.4287302031368017
Summarizing 2
Centroid radius: [1.29, 1.63, 0.98, 1.03, 1.19, 1.53, 1.42, 1.36, 0.85, 1.24, 1.32, 1.32, 1.46, 1.53, 1.02, 1.31, 1.29, 1.49, 2.05, 2.05, 1.25, 1.66, 1.28, 1.53, 1.61, 1.68, 1.59]
Centroid moved: [2.57, 3.52, 2.72, 3.1, 2.49, 3.16, 3.54, 2.26, 2.77, 3.21, 3.47, 3.09, 3.04, 3.36, 3.03, 2.99, 2.14, 3.35, 2.78, 2.73, 3.57, 2.64, 3.23, 3.07, 3.29, 3.07, 3.08]
Accuracy: 0.540
Avg centr rad: 1.41 move: 3.01
Starting iteration 3/10 lr=0.008100000000000001
0	0.9993729479929898	1.27722871363163
1	0.860420164187497	3.3866601896286013
2	0.8529416805987712	1.424635465219617
3	0.8547594868130982	1.0486757978051902
4	0.7766629805709235	1.2610824578395112
Summarizing 3
Centroid radius: [1.45, 1.62, 1.02, 0.99, 1.5, 1.78, 1.1, 1.5, 0.99, 1.41, 1.11, 1.24, 1.69, 1.28, 1.31, 1.15, 1.49, 1.56, 2.07, 1.89, 1.0, 1.71, 1.31, 1.46, 1.33, 1.78, 1.7]
Centroid moved: [2.31, 2.14, 2.31, 2.3, 2.37, 2.56, 2.11, 2.18, 2.29, 2.33, 2.4, 2.67, 2.34, 2.29, 2.36, 2.28, 2.26, 2.46, 2.06, 1.89, 2.11, 2.18, 2.46, 2.03, 2.1, 2.11, 2.6]
Accuracy: 0.546
Avg centr rad: 1.42 move: 2.28
Starting iteration 4/10 lr=0.007290000000000001
0	0.7791421423039865	1.1306118009687633
1	0.72191502815485	1.1915921825170517
2	0.7028929286600324	3.0740236032009123
3	0.7164438662510365	1.0284235625341536
4	0.6880534180440009	1.0247234760969877
Summarizing 4
Centroid radius: [1.29, 1.55, 1.23, 1.0, 1.08, 1.51, 1.43, 1.04, 1.1, 1.56, 1.42, 1.69, 1.99, 1.85, 1.52, 1.22, 0.99, 1.66, 1.97, 2.08, 1.6, 1.62, 1.51, 1.35, 1.67, 1.69, 1.42]
Centroid moved: [1.65, 2.52, 2.04, 1.81, 1.67, 2.42, 2.26, 1.6, 2.01, 1.62, 2.23, 2.12, 2.04, 2.29, 1.93, 1.43, 1.7, 2.44, 1.57, 1.72, 2.54, 1.79, 2.05, 1.71, 2.07, 1.55, 2.14]
Accuracy: 0.625
Avg centr rad: 1.48 move: 1.96
Starting iteration 5/10 lr=0.006561000000000002
0	0.6645714884302579	3.425299278497696
1	0.6516787713676458	0.9986850544065237
2	0.6067839802778326	1.0160059057176114
3	0.6286974797738949	1.4251791748404503
4	0.5829471233841031	0.9940683268010616
Summarizing 5
Centroid radius: [1.16, 1.71, 1.12, 1.08, 0.93, 1.69, 1.3, 1.17, 1.0, 1.41, 1.29, 1.26, 1.4, 1.67, 0.92, 1.1, 1.12, 1.64, 1.93, 1.71, 1.6, 1.64, 1.38, 1.52, 1.37, 1.72, 1.56]
Centroid moved: [2.1, 2.55, 1.87, 2.06, 2.14, 2.02, 2.36, 2.11, 1.9, 2.18, 2.17, 2.37, 2.42, 2.22, 2.56, 1.95, 2.19, 2.34, 2.04, 2.17, 2.35, 2.22, 1.94, 2.11, 2.11, 1.98, 2.15]
Accuracy: 0.625
Avg centr rad: 1.39 move: 2.17
Starting iteration 6/10 lr=0.005904900000000002
0	0.5879890640215308	0.9052485562488437
1	0.5982747768135741	0.7696659757941962
2	0.6048466543819232	0.8671795220673084
3	0.5629009064378916	3.0635271847248076
4	0.5098787874742993	0.8847146135289222
Summarizing 6
Centroid radius: [1.33, 1.56, 1.57, 1.11, 1.11, 1.57, 1.31, 1.08, 1.44, 1.31, 1.25, 1.1, 1.73, 1.5, 1.42, 1.3, 1.09, 1.31, 2.14, 2.19, 1.35, 1.49, 1.56, 1.67, 1.19, 1.68, 1.07]
Centroid moved: [2.45, 2.06, 2.19, 2.22, 2.43, 2.02, 2.27, 2.5, 2.27, 2.57, 2.3, 2.01, 1.7, 2.31, 1.97, 2.35, 2.46, 2.32, 2.43, 2.09, 2.17, 2.26, 2.18, 2.68, 2.12, 2.52, 2.4]
Accuracy: 0.664
Avg centr rad: 1.42 move: 2.27
Starting iteration 7/10 lr=0.005314410000000002
0	0.5453352349541383	0.8021110598463566
1	0.5401809083849949	0.7852565608988517
2	0.5243374089100398	0.710026032589376
3	0.49821597439539617	1.7412945917248726
4	0.4484927944035735	0.8659550292603672
Summarizing 7
Centroid radius: [1.2, 1.41, 1.43, 1.25, 1.22, 1.33, 1.27, 1.37, 1.25, 1.5, 1.12, 1.19, 1.52, 1.42, 1.21, 1.44, 1.29, 1.54, 2.04, 1.83, 1.5, 1.52, 1.45, 1.47, 1.4, 1.66, 1.15]
Centroid moved: [2.07, 1.75, 1.84, 1.82, 2.44, 1.98, 1.96, 2.33, 2.01, 2.02, 2.23, 1.43, 1.57, 2.06, 1.57, 1.49, 2.34, 1.7, 1.66, 1.87, 1.94, 1.66, 2.04, 1.86, 2.05, 1.63, 1.63]
Accuracy: 0.678
Avg centr rad: 1.41 move: 1.89
Starting iteration 8/10 lr=0.004782969000000002
0	0.4996803858100902	0.9693355215340853
1	0.48717147490754725	1.134458103775978
2	0.4461650727588567	1.3582795503735543
3	0.44667920148625856	0.7030342831313646
4	0.4695095651642769	0.71063484555576
Summarizing 8
Centroid radius: [1.21, 1.6, 1.01, 1.06, 1.22, 1.37, 1.5, 1.13, 0.95, 1.64, 1.46, 1.19, 1.5, 1.74, 0.96, 1.08, 1.08, 1.61, 2.0, 1.96, 1.37, 1.78, 1.69, 1.28, 1.43, 1.72, 1.17]
Centroid moved: [2.22, 1.84, 2.05, 1.81, 2.08, 1.8, 2.24, 1.92, 2.01, 1.73, 2.2, 1.51, 2.08, 2.21, 2.43, 1.51, 2.04, 1.76, 1.76, 1.9, 2.08, 1.98, 1.95, 2.0, 2.05, 1.64, 1.73]
Accuracy: 0.676
Avg centr rad: 1.40 move: 1.95
Starting iteration 9/10 lr=0.004304672100000002
0	0.46292275331844573	0.7837192326792866
1	0.45632399232323223	0.7626724207401275
2	0.41974409243976696	0.6654398327553644
3	0.4290884695634013	0.7009565828368067
4	0.43191652638579214	0.744462701715529
Summarizing 9
Centroid radius: [1.29, 1.22, 1.12, 1.0, 0.98, 1.63, 1.38, 1.1, 1.15, 1.51, 1.31, 1.17, 1.65, 1.71, 1.11, 1.2, 1.1, 1.19, 2.23, 1.91, 1.78, 1.75, 1.43, 1.43, 1.5, 1.72, 0.91]
Centroid moved: [0.96, 1.46, 1.26, 1.05, 0.98, 1.89, 1.84, 0.97, 1.31, 1.28, 1.6, 1.43, 1.14, 1.69, 1.02, 0.95, 0.99, 1.54, 0.91, 0.67, 1.88, 0.96, 0.97, 1.18, 1.21, 0.85, 1.57]
Accuracy: 0.692
Avg centr rad: 1.39 move: 1.24
Starting iteration 10/10 lr=0.003874204890000002
0	0.39965438005625037	0.788694933867082
1	0.3847562526554102	0.6641983474069275
2	0.4068253803419066	0.7517302663158625
3	0.41640627202013275	0.5510189661476761
4	0.3878993874062289	0.6808747718203813
Summarizing 10
Centroid radius: [1.09, 1.16, 1.13, 1.13, 0.92, 1.54, 1.49, 1.14, 1.02, 1.32, 1.22, 1.32, 1.31, 1.49, 1.0, 1.64, 1.11, 1.24, 2.16, 1.77, 1.46, 1.59, 1.55, 1.24, 1.54, 1.74, 1.37]
Centroid moved: [1.12, 1.74, 1.15, 1.95, 1.13, 2.0, 1.8, 1.25, 1.17, 1.33, 1.78, 1.79, 1.3, 1.56, 1.26, 1.45, 1.26, 1.51, 1.25, 1.12, 1.75, 1.46, 1.35, 1.37, 1.35, 1.26, 1.3]
Accuracy: 0.717
Avg centr rad: 1.36 move: 1.44
Loading model:models/epoch_10.model
Starting iteration 11/20 lr=0.01
0	0.39954246759146916	2.7960658466815946
1	0.3844797475734595	1.9135541981458664
2	0.34714036386113	0.8353273165598512
3	0.37468680570062135	0.7190608145296573
4	0.35307332095399035	0.9640824680775404
Summarizing 11
Centroid radius: [1.33, 1.25, 1.54, 1.59, 1.66, 1.35, 0.67, 1.48, 1.6, 1.49, 0.59, 1.5, 1.55, 1.33, 1.95, 1.35, 1.29, 1.28, 1.27, 1.59, 1.7, 1.28, 1.48, 1.22, 1.81, 1.02, 1.25]
Centroid moved: [1.66, 1.6, 1.56, 1.81, 1.95, 2.3, 1.95, 2.19, 1.78, 1.65, 1.38, 2.49, 2.17, 1.71, 1.63, 1.47, 1.63, 2.19, 1.99, 1.47, 2.31, 1.64, 2.33, 2.08, 1.64, 1.42, 2.07]
Accuracy: 0.664
Avg centr rad: 1.39 move: 1.85
Starting iteration 12/20 lr=0.009000000000000001
0	0.3558701193194829	0.6892790956795216
1	0.3575717404949828	0.5798679262259975
2	0.34822556932712906	0.6865674532018602
3	0.3598544436445809	1.2169180395826698
4	0.34872118660551493	0.5684392715990544
Summarizing 12
Centroid radius: [0.95, 1.13, 1.44, 1.49, 1.47, 1.66, 1.26, 1.04, 1.35, 0.83, 1.2, 1.11, 1.44, 1.06, 1.93, 1.11, 1.23, 1.06, 1.26, 1.78, 1.62, 1.07, 1.43, 1.61, 1.5, 1.45, 1.55]
Centroid moved: [1.44, 1.58, 2.09, 1.78, 1.98, 2.52, 1.06, 2.23, 2.09, 2.2, 1.72, 2.65, 2.3, 1.85, 1.76, 1.76, 1.6, 2.38, 1.84, 1.55, 1.83, 1.99, 2.72, 1.91, 1.72, 1.56, 2.14]
Accuracy: 0.738
Avg centr rad: 1.33 move: 1.94
Starting iteration 13/20 lr=0.008100000000000001
0	0.34212586866738276	2.311221274733543
1	0.2989764554928115	0.8509440019726753
2	0.3258947436671006	0.5636521716788411
3	0.3721955988907248	1.124049632847309
4	0.31045116985519416	0.632456369861029
Summarizing 13
Centroid radius: [1.49, 0.93, 1.53, 1.81, 1.53, 1.6, 0.86, 1.22, 1.47, 1.25, 0.84, 1.19, 1.39, 1.01, 2.03, 0.98, 1.04, 0.92, 1.41, 1.42, 1.63, 1.0, 1.47, 1.4, 1.68, 1.07, 1.35]
Centroid moved: [1.2, 1.17, 1.4, 1.4, 1.21, 1.43, 1.19, 1.42, 1.21, 1.68, 1.39, 1.06, 1.26, 1.38, 1.4, 1.4, 1.24, 1.25, 1.9, 1.45, 1.34, 1.44, 1.31, 1.52, 1.54, 1.39, 1.37]
Accuracy: 0.726
Avg centr rad: 1.32 move: 1.37
Starting iteration 14/20 lr=0.007290000000000001
0	0.33896159804053605	0.5334339785511838
1	0.3157532921700331	0.4380468542012386
2	0.2962893741001899	0.4538200838491321
3	0.2918000647081062	0.6240892191510647
4	0.309772363125463	0.6388895864086226
Summarizing 14
Centroid radius: [1.37, 1.11, 1.62, 1.63, 1.38, 1.67, 1.39, 1.35, 1.32, 1.07, 0.81, 1.35, 1.5, 1.21, 1.94, 1.15, 1.22, 1.43, 1.24, 1.69, 1.62, 1.12, 1.53, 1.4, 1.74, 1.27, 1.36]
Centroid moved: [1.0, 1.43, 1.08, 1.05, 1.24, 1.56, 1.31, 1.39, 1.11, 1.19, 1.25, 1.39, 1.22, 1.61, 0.96, 1.5, 1.41, 1.14, 1.57, 1.13, 1.38, 1.47, 1.53, 1.48, 1.21, 1.39, 1.4]
Accuracy: 0.719
Avg centr rad: 1.39 move: 1.31
Starting iteration 15/20 lr=0.006561000000000002
0	0.2979451234525186	0.8864178403024562
1	0.3016598622298334	0.5599324759561568
2	0.31969008915463926	0.5031929323775693
3	0.2811118350389152	0.6158854347933084
4	0.27912649344524837	0.4656540936755482
Summarizing 15
Centroid radius: [1.27, 1.36, 1.5, 1.59, 1.27, 1.39, 1.22, 1.42, 1.17, 0.96, 1.15, 1.17, 1.42, 1.13, 1.97, 1.16, 1.39, 1.25, 1.28, 1.69, 1.72, 1.14, 1.23, 1.52, 1.38, 1.41, 1.34]
Centroid moved: [0.9, 1.08, 1.04, 0.86, 1.01, 1.35, 1.22, 1.4, 0.98, 1.58, 0.92, 1.29, 1.52, 1.43, 0.86, 1.32, 1.13, 1.19, 1.25, 0.97, 1.52, 1.31, 1.63, 1.17, 1.46, 0.79, 1.23]
Accuracy: 0.755
Avg centr rad: 1.35 move: 1.20
Starting iteration 16/20 lr=0.005904900000000002
0	0.3011072686241241	0.5348905441164971
1	0.28183281229657586	0.5034707650821656
2	0.2794421884692274	0.8993551219720394
3	0.27796785497362725	0.4470903443871066
4	0.2853511244094698	0.48921537078451366
Summarizing 16
Centroid radius: [1.26, 1.28, 1.74, 1.69, 1.47, 1.45, 0.96, 1.27, 0.99, 0.91, 1.09, 1.17, 1.26, 1.08, 2.02, 1.18, 1.3, 1.5, 1.33, 1.76, 1.25, 1.11, 1.23, 1.46, 1.45, 1.33, 1.3]
Centroid moved: [1.23, 1.53, 1.41, 1.41, 1.59, 1.64, 1.48, 1.33, 1.18, 0.88, 1.62, 1.24, 1.19, 1.31, 1.4, 1.33, 1.6, 1.21, 1.55, 1.56, 1.8, 1.34, 1.65, 1.53, 1.4, 1.56, 1.92]
Accuracy: 0.763
Avg centr rad: 1.33 move: 1.44
Starting iteration 17/20 lr=0.005314410000000002
0	0.24924070214797395	0.7151053199358285
1	0.25396885398519226	0.47977490777615456
2	0.2523630549747031	0.46775834617204964
3	0.23182351750438102	0.4830014498438686
4	0.26129555418749806	1.4605442318320274
Summarizing 17
Centroid radius: [1.76, 1.5, 1.6, 1.72, 1.63, 1.34, 1.08, 1.5, 1.3, 1.32, 0.74, 1.27, 1.71, 1.44, 1.94, 1.4, 1.56, 1.43, 1.5, 1.74, 1.52, 1.49, 1.37, 1.29, 1.74, 1.07, 1.27]
Centroid moved: [2.64, 3.07, 2.5, 2.92, 1.95, 2.08, 1.68, 3.03, 3.59, 3.13, 2.41, 3.74, 3.12, 2.87, 2.89, 2.8, 2.92, 2.36, 2.13, 2.42, 1.96, 2.69, 1.97, 1.95, 2.36, 2.02, 2.01]
Accuracy: 0.621
Avg centr rad: 1.45 move: 2.56
Starting iteration 18/20 lr=0.004782969000000002
0	0.25320979258284204	0.5325003641843796
1	0.23253663958213291	0.6977924142545089
2	0.22769846373132896	0.457361355535686
3	0.23729189405124634	0.5571862105280161
4	0.22363831764693895	0.4656917947874172
Summarizing 18
Centroid radius: [1.06, 1.08, 1.29, 1.47, 1.43, 1.48, 1.43, 1.19, 1.12, 0.78, 1.12, 1.19, 1.25, 1.17, 1.88, 1.21, 1.09, 1.14, 1.1, 1.63, 1.4, 1.21, 1.14, 1.23, 1.34, 1.29, 1.33]
Centroid moved: [2.55, 2.72, 2.4, 2.64, 1.72, 2.08, 1.87, 2.97, 3.33, 2.78, 1.54, 3.59, 2.95, 2.76, 2.59, 2.61, 2.49, 2.4, 1.81, 2.06, 2.09, 2.31, 2.14, 2.1, 2.31, 1.42, 2.23]
Accuracy: 0.780
Avg centr rad: 1.26 move: 2.39
Starting iteration 19/20 lr=0.004304672100000002
0	0.20681454824295362	0.522533898241818
1	0.20189505500346422	0.43903841531835497
2	0.20924033527472055	0.5171370178461074
3	0.21186948739469516	0.48520886874292046
4	0.19478788863349472	2.2992543470859528
Summarizing 19
Centroid radius: [1.7, 1.03, 0.98, 1.21, 1.46, 1.16, 0.93, 1.09, 0.68, 1.03, 0.46, 0.63, 1.14, 0.95, 1.42, 1.25, 1.1, 1.24, 1.33, 1.12, 1.5, 1.08, 1.15, 1.37, 1.61, 0.8, 1.17]
Centroid moved: [3.21, 3.69, 3.2, 3.7, 2.9, 1.94, 1.73, 3.93, 4.44, 3.99, 1.97, 4.51, 3.95, 4.15, 3.26, 3.88, 3.61, 2.95, 2.34, 2.68, 2.32, 3.91, 2.7, 2.24, 2.7, 1.62, 2.54]
Accuracy: 0.512
Avg centr rad: 1.13 move: 3.11
Starting iteration 20/20 lr=0.003874204890000002
0	0.20594790988089517	0.57377947577741
1	0.20009488798145322	0.5352042424082174
2	0.20814799393131397	0.5236066356860101
3	0.1926366687839618	0.4729221572913229
4	0.20280111236358062	0.5292084223404526
Summarizing 20
Centroid radius: [1.29, 0.97, 1.45, 1.66, 1.44, 1.48, 1.01, 1.02, 1.23, 1.06, 0.94, 1.2, 1.15, 1.06, 2.07, 1.05, 1.0, 1.33, 1.27, 1.79, 1.58, 1.01, 1.35, 1.16, 1.52, 1.12, 1.35]
Centroid moved: [2.98, 3.87, 2.67, 3.25, 2.96, 1.71, 1.77, 3.77, 4.14, 3.69, 1.91, 4.15, 3.89, 3.99, 2.69, 3.83, 3.76, 2.85, 1.76, 2.39, 2.02, 3.89, 2.74, 1.89, 2.86, 1.61, 2.43]
Accuracy: 0.778
Avg centr rad: 1.28 move: 2.94
